Copyright 1986-2017 Xilinx, Inc. All Rights Reserved.
------------------------------------------------------------------------------------
| Tool Version : Vivado v.2017.4 (lin64) Build 2086221 Fri Dec 15 20:54:30 MST 2017
| Date         : Mon May  7 16:47:41 2018
| Host         : alex-HP-Compaq-Elite-8300-CMT running 64-bit Ubuntu 16.04.4 LTS
| Command      : upgrade_ip
| Device       : xc7z020clg484-1
------------------------------------------------------------------------------------

Upgrade Log for IP 'design_1_mem_write_hw_0_0'

1. Summary
----------

SUCCESS in the upgrade of design_1_mem_write_hw_0_0 (xilinx.com:hls:mem_write_hw:1.0) from (Rev. 1805041705) to (Rev. 1805071641)






Copyright 1986-2017 Xilinx, Inc. All Rights Reserved.
------------------------------------------------------------------------------------
| Tool Version : Vivado v.2017.4 (lin64) Build 2086221 Fri Dec 15 20:54:30 MST 2017
| Date         : Mon May  7 16:47:41 2018
| Host         : alex-HP-Compaq-Elite-8300-CMT running 64-bit Ubuntu 16.04.4 LTS
| Command      : upgrade_ip
| Device       : xc7z020clg484-1
------------------------------------------------------------------------------------

Upgrade Log for IP 'design_1_mem_read_hw_0_0'

1. Summary
----------

SUCCESS in the upgrade of design_1_mem_read_hw_0_0 (xilinx.com:hls:mem_read_hw:1.0) from (Rev. 1805041706) to (Rev. 1805071646)






Copyright 1986-2017 Xilinx, Inc. All Rights Reserved.
------------------------------------------------------------------------------------
| Tool Version : Vivado v.2017.4 (lin64) Build 2086221 Fri Dec 15 20:54:30 MST 2017
| Date         : Fri May  4 17:08:05 2018
| Host         : alex-HP-Compaq-Elite-8300-CMT running 64-bit Ubuntu 16.04.4 LTS
| Command      : upgrade_ip
| Device       : xc7z020clg484-1
------------------------------------------------------------------------------------

Upgrade Log for IP 'design_1_mem_write_hw_0_0'

1. Summary
----------

SUCCESS in the upgrade of design_1_mem_write_hw_0_0 (xilinx.com:hls:mem_write_hw:1.0) from (Rev. 1805041247) to (Rev. 1805041705)






Copyright 1986-2017 Xilinx, Inc. All Rights Reserved.
------------------------------------------------------------------------------------
| Tool Version : Vivado v.2017.4 (lin64) Build 2086221 Fri Dec 15 20:54:30 MST 2017
| Date         : Fri May  4 17:08:05 2018
| Host         : alex-HP-Compaq-Elite-8300-CMT running 64-bit Ubuntu 16.04.4 LTS
| Command      : upgrade_ip
| Device       : xc7z020clg484-1
------------------------------------------------------------------------------------

Upgrade Log for IP 'design_1_mem_read_hw_0_0'

1. Summary
----------

SUCCESS in the upgrade of design_1_mem_read_hw_0_0 (xilinx.com:hls:mem_read_hw:1.0) from (Rev. 1805041239) to (Rev. 1805041706)

