#-----------------------------------------------------------
# Vivado v2017.4 (64-bit)
# SW Build 2086221 on Fri Dec 15 20:54:30 MST 2017
# IP Build 2085800 on Fri Dec 15 22:25:07 MST 2017
# Start of session at: Tue May 29 15:40:02 2018
# Process ID: 1554
# Current directory: /home/juju/mem_test_rw_seperate
# Command line: vivado
# Log file: /home/juju/mem_test_rw_seperate/vivado.log
# Journal file: /home/juju/mem_test_rw_seperate/vivado.jou
#-----------------------------------------------------------
start_gui
open_project /home/juju/mem_test_rw_seperate/mem_test_rw_seperate.xpr
Scanning sources...
Finished scanning sources
INFO: [IP_Flow 19-234] Refreshing IP repositories
INFO: [IP_Flow 19-1700] Loaded user IP repository '/home/juju/vivado_test/stream_test_ip'.
INFO: [IP_Flow 19-1700] Loaded user IP repository '/home/juju/mem_test_rw_seperate/ip'.
INFO: [IP_Flow 19-2313] Loaded Vivado IP repository '/opt/Xilinx_tools/Vivado/2017.4/data/ip'.
open_project: Time (s): cpu = 00:00:24 ; elapsed = 00:00:14 . Memory (MB): peak = 6291.094 ; gain = 221.027 ; free physical = 2771 ; free virtual = 21548
update_compile_order -fileset sources_1
open_bd_design {/home/juju/mem_test_rw_seperate/mem_test_rw_seperate.srcs/sources_1/bd/design_1/design_1.bd}
Adding cell -- xilinx.com:ip:axi_dma:7.1 - axi_dma_0
Adding cell -- xilinx.com:ip:processing_system7:5.5 - processing_system7_0
Adding cell -- xilinx.com:ip:proc_sys_reset:5.0 - rst_ps7_0_100M
Adding cell -- xilinx.com:ip:axi_dma:7.1 - axi_dma_1
Adding cell -- xilinx.com:ip:axi_dma:7.1 - axi_dma_2
Adding cell -- xilinx.com:ip:axi_dma:7.1 - axi_dma_3
Adding cell -- xilinx.com:ip:xlconcat:2.1 - xlconcat_0
Adding cell -- xilinx.com:hls:mem_hw:1.0 - mem_hw_0
Adding cell -- xilinx.com:hls:mem_hw:1.0 - mem_hw_1
Adding cell -- xilinx.com:hls:mem_hw:1.0 - mem_hw_2
Adding cell -- xilinx.com:hls:mem_hw:1.0 - mem_hw_3
Adding cell -- xilinx.com:ip:system_ila:1.1 - system_ila_0
Adding cell -- xilinx.com:ip:axi_crossbar:2.1 - xbar
Adding cell -- xilinx.com:ip:axi_protocol_converter:2.1 - auto_pc
Adding cell -- xilinx.com:ip:axi_data_fifo:2.1 - s01_data_fifo
Adding cell -- xilinx.com:ip:axi_data_fifo:2.1 - s00_data_fifo
Adding cell -- xilinx.com:ip:axi_crossbar:2.1 - xbar
Adding cell -- xilinx.com:ip:axi_protocol_converter:2.1 - auto_pc
Adding cell -- xilinx.com:ip:axi_data_fifo:2.1 - s01_data_fifo
Adding cell -- xilinx.com:ip:axi_data_fifo:2.1 - s00_data_fifo
Adding cell -- xilinx.com:ip:axi_crossbar:2.1 - xbar
Adding cell -- xilinx.com:ip:axi_protocol_converter:2.1 - auto_pc
Adding cell -- xilinx.com:ip:axi_data_fifo:2.1 - s01_data_fifo
Adding cell -- xilinx.com:ip:axi_data_fifo:2.1 - s00_data_fifo
Adding cell -- xilinx.com:ip:axi_crossbar:2.1 - xbar
Adding cell -- xilinx.com:ip:axi_protocol_converter:2.1 - auto_pc
Adding cell -- xilinx.com:ip:axi_crossbar:2.1 - xbar
Adding cell -- xilinx.com:ip:axi_protocol_converter:2.1 - auto_pc
Adding cell -- xilinx.com:ip:axi_data_fifo:2.1 - s01_data_fifo
Adding cell -- xilinx.com:ip:axi_data_fifo:2.1 - s00_data_fifo
Successfully read diagram <design_1> from BD file </home/juju/mem_test_rw_seperate/mem_test_rw_seperate.srcs/sources_1/bd/design_1/design_1.bd>
open_bd_design: Time (s): cpu = 00:00:06 ; elapsed = 00:00:05 . Memory (MB): peak = 6373.266 ; gain = 53.738 ; free physical = 2553 ; free virtual = 21417
reset_run synth_1
launch_runs impl_1 -to_step write_bitstream -jobs 4
[Tue May 29 16:00:21 2018] Launched synth_1...
Run output will be captured here: /home/juju/mem_test_rw_seperate/mem_test_rw_seperate.runs/synth_1/runme.log
[Tue May 29 16:00:21 2018] Launched impl_1...
Run output will be captured here: /home/juju/mem_test_rw_seperate/mem_test_rw_seperate.runs/impl_1/runme.log
open_run impl_1
INFO: [Netlist 29-17] Analyzing 2456 Unisim elements for replacement
INFO: [Netlist 29-28] Unisim Transformation completed in 0 CPU seconds
INFO: [Project 1-479] Netlist was created with Vivado 2017.4
INFO: [Device 21-403] Loading part xc7z020clg484-1
INFO: [Project 1-570] Preparing netlist for logic optimization
INFO: [Timing 38-35] Done setting XDC timing constraints.
Parsing XDC File [/home/juju/mem_test_rw_seperate/.Xil/Vivado-1554-alex-HP-Compaq-Elite-8300-CMT/dcp30/design_1_wrapper_board.xdc]
Finished Parsing XDC File [/home/juju/mem_test_rw_seperate/.Xil/Vivado-1554-alex-HP-Compaq-Elite-8300-CMT/dcp30/design_1_wrapper_board.xdc]
Parsing XDC File [/home/juju/mem_test_rw_seperate/.Xil/Vivado-1554-alex-HP-Compaq-Elite-8300-CMT/dcp30/design_1_wrapper_early.xdc]
Finished Parsing XDC File [/home/juju/mem_test_rw_seperate/.Xil/Vivado-1554-alex-HP-Compaq-Elite-8300-CMT/dcp30/design_1_wrapper_early.xdc]
Parsing XDC File [/home/juju/mem_test_rw_seperate/.Xil/Vivado-1554-alex-HP-Compaq-Elite-8300-CMT/dcp30/design_1_wrapper.xdc]
Finished Parsing XDC File [/home/juju/mem_test_rw_seperate/.Xil/Vivado-1554-alex-HP-Compaq-Elite-8300-CMT/dcp30/design_1_wrapper.xdc]
Parsing XDC File [/home/juju/mem_test_rw_seperate/.Xil/Vivado-1554-alex-HP-Compaq-Elite-8300-CMT/dcp30/design_1_wrapper_late.xdc]
Finished Parsing XDC File [/home/juju/mem_test_rw_seperate/.Xil/Vivado-1554-alex-HP-Compaq-Elite-8300-CMT/dcp30/design_1_wrapper_late.xdc]
Reading XDEF placement.
Reading placer database...
Reading XDEF routing.
Read XDEF File: Time (s): cpu = 00:00:03 ; elapsed = 00:00:03 . Memory (MB): peak = 7465.855 ; gain = 31.266 ; free physical = 1391 ; free virtual = 19982
Restored from archive | CPU: 2.850000 secs | Memory: 51.054977 MB |
Finished XDEF File Restore: Time (s): cpu = 00:00:03 ; elapsed = 00:00:03 . Memory (MB): peak = 7465.855 ; gain = 31.266 ; free physical = 1391 ; free virtual = 19982
INFO: [Project 1-111] Unisim Transformation Summary:
  A total of 958 instances were transformed.
  CFGLUT5 => CFGLUT5 (SRLC32E, SRL16E): 832 instances
  RAM32M => RAM32M (RAMD32, RAMD32, RAMD32, RAMD32, RAMD32, RAMD32, RAMS32, RAMS32): 110 instances
  RAM32X1D => RAM32X1D (RAMD32, RAMD32): 4 instances
  SRLC32E => SRL16E: 12 instances

open_run: Time (s): cpu = 00:01:04 ; elapsed = 00:01:13 . Memory (MB): peak = 7706.656 ; gain = 1308.293 ; free physical = 1337 ; free virtual = 19839
open_report: Time (s): cpu = 00:00:09 ; elapsed = 00:00:05 . Memory (MB): peak = 7728.418 ; gain = 0.000 ; free physical = 1275 ; free virtual = 19778
file copy -force /home/juju/mem_test_rw_seperate/mem_test_rw_seperate.runs/impl_1/design_1_wrapper.sysdef /home/juju/mem_test_rw_seperate/mem_test_rw_seperate.sdk/design_1_wrapper.hdf

launch_sdk -workspace /home/juju/mem_test_rw_seperate/mem_test_rw_seperate.sdk -hwspec /home/juju/mem_test_rw_seperate/mem_test_rw_seperate.sdk/design_1_wrapper.hdf
INFO: [Vivado 12-393] Launching SDK...
INFO: [Vivado 12-417] Running xsdk -workspace /home/juju/mem_test_rw_seperate/mem_test_rw_seperate.sdk -hwspec /home/juju/mem_test_rw_seperate/mem_test_rw_seperate.sdk/design_1_wrapper.hdf
INFO: [Vivado 12-3157] SDK launch initiated. Please check console for any further messages.
open_hw
connect_hw_server
INFO: [Labtools 27-2285] Connecting to hw_server url TCP:localhost:3121
open_hw_target
INFO: [Labtoolstcl 44-466] Opening hw_target localhost:3121/xilinx_tcf/Digilent/210203346604A
open_hw_target: Time (s): cpu = 00:00:01 ; elapsed = 00:00:05 . Memory (MB): peak = 8149.852 ; gain = 421.434 ; free physical = 148 ; free virtual = 17633
set_property PROGRAM.FILE {/home/juju/mem_test_rw_seperate/mem_test_rw_seperate.runs/impl_1/design_1_wrapper.bit} [get_hw_devices xc7z020_1]
set_property PROBES.FILE {/home/juju/mem_test_rw_seperate/mem_test_rw_seperate.runs/impl_1/design_1_wrapper.ltx} [get_hw_devices xc7z020_1]
set_property FULL_PROBES.FILE {/home/juju/mem_test_rw_seperate/mem_test_rw_seperate.runs/impl_1/design_1_wrapper.ltx} [get_hw_devices xc7z020_1]
current_hw_device [get_hw_devices xc7z020_1]
refresh_hw_device [lindex [get_hw_devices xc7z020_1] 0]
INFO: [Labtools 27-2302] Device xc7z020 (JTAG device index = 1) is programmed with a design that has 1 ILA core(s).
refresh_hw_device: Time (s): cpu = 00:00:08 ; elapsed = 00:00:06 . Memory (MB): peak = 8203.484 ; gain = 45.629 ; free physical = 174 ; free virtual = 17620
display_hw_ila_data [ get_hw_ila_data hw_ila_data_1 -of_objects [get_hw_ilas -of_objects [get_hw_devices xc7z020_1] -filter {CELL_NAME=~"design_1_i/system_ila_0/inst/ila_lib"}]]
WARNING: Simulation object design_1_i/system_ila_0/inst/net_slot_2_axis_tvalid was not found in the design.
WARNING: Simulation object design_1_i/system_ila_0/inst/net_slot_2_axis_tready was not found in the design.
WARNING: Simulation object design_1_i/system_ila_0/inst/net_slot_2_axis_tlast was not found in the design.
WARNING: Simulation object design_1_i/system_ila_0/inst/net_slot_2_axis_tdata was not found in the design.
WARNING: Simulation object design_1_i/system_ila_0/inst/net_slot_2_axis_tkeep was not found in the design.
WARNING: Simulation object design_1_i/system_ila_0/inst/net_slot_1_axis_tvalid was not found in the design.
WARNING: Simulation object design_1_i/system_ila_0/inst/net_slot_1_axis_tready was not found in the design.
WARNING: Simulation object design_1_i/system_ila_0/inst/net_slot_1_axis_tlast was not found in the design.
WARNING: Simulation object design_1_i/system_ila_0/inst/net_slot_1_axis_tid was not found in the design.
WARNING: Simulation object design_1_i/system_ila_0/inst/net_slot_1_axis_tdata was not found in the design.
WARNING: Simulation object design_1_i/system_ila_0/inst/net_slot_1_axis_tkeep was not found in the design.
WARNING: Simulation object design_1_i/system_ila_0/inst/net_slot_1_axis_tuser was not found in the design.
Processing Interface axi_interconnect_0_M00_AXI_ila1_slot0
Processing Interface axi_interconnect_3_M00_AXI_ila1_slot1
Processing Interface axi_interconnect_2_M00_AXI_ila1_slot2
Processing Interface axi_interconnect_4_M00_AXI_ila1_slot3
INFO: [Labtools 27-3304] ILA Waveform data saved to file /home/juju/mem_test_rw_seperate/mem_test_rw_seperate.hw/backup/hw_ila_data_1.ila. Use Tcl command 'import_hw_ila_data' or Vivado File->Import->Import ILA Data menu item to import the previously saved data.
set_property TRIGGER_COMPARE_VALUE eq1'bR [get_hw_probes design_1_i/system_ila_0/inst/net_slot_0_axi_rlast -of_objects [get_hw_ilas -of_objects [get_hw_devices xc7z020_1] -filter {CELL_NAME=~"design_1_i/system_ila_0/inst/ila_lib"}]]
run_hw_ila [get_hw_ilas -of_objects [get_hw_devices xc7z020_1] -filter {CELL_NAME=~"design_1_i/system_ila_0/inst/ila_lib"}]
INFO: [Labtools 27-1964] The ILA core 'hw_ila_1' trigger was armed at 2018-May-29 17:38:57
ERROR: [Xicom 50-38] xicom: Unable to connect to debug core(s) on the target device. Check cable connectivity and that the target board is powered up then use the disconnect_hw_server and connect_hw_server to re-initialize the hardware target. Use open_hw_target to re-register the hardware device.
ERROR: [Labtoolstcl 44-513] HW Target shutdown. Closing target: localhost:3121/xilinx_tcf/Digilent/210203346604A
INFO: [Labtoolstcl 44-466] Opening hw_target localhost:3121/xilinx_tcf/Digilent/210203346604A
WARNING: [Labtoolstcl 44-129] No matching hw_ila_data was found.
INFO: [Labtools 27-1435] Device xc7z020 (JTAG device index = 1) is not programmed (DONE status = 0).
WARNING: [Labtoolstcl 44-129] No matching hw_ila_data was found.
refresh_hw_device [lindex [get_hw_devices xc7z020_1] 0]
INFO: [Labtools 27-1434] Device xc7z020 (JTAG device index = 1) is programmed with a design that has no supported debug core(s) in it.
WARNING: [Labtools 27-3361] The debug hub core was not detected.
Resolution: 
1. Make sure the clock connected to the debug hub (dbg_hub) core is a free running clock and is active.
2. Make sure the BSCAN_SWITCH_USER_MASK device property in Vivado Hardware Manager reflects the user scan chain setting in the design and refresh the device.  To determine the user scan chain setting in the design, open the implemented design and use 'get_property C_USER_SCAN_CHAIN [get_debug_cores dbg_hub]'.
For more details on setting the scan chain property, consult the Vivado Debug and Programming User Guide (UG908).
WARNING: [Labtools 27-3403] Dropping logic core with cellname:'design_1_i/system_ila_0/inst/ila_lib' from probes file, since it cannot be found on the programmed device.
close_hw
open_hw
connect_hw_server
INFO: [Labtools 27-2285] Connecting to hw_server url TCP:localhost:3121
open_hw_target
INFO: [Labtoolstcl 44-466] Opening hw_target localhost:3121/xilinx_tcf/Digilent/210203346604A
set_property PROGRAM.FILE {/home/juju/mem_test_rw_seperate/mem_test_rw_seperate.runs/impl_1/design_1_wrapper.bit} [get_hw_devices xc7z020_1]
set_property PROBES.FILE {/home/juju/mem_test_rw_seperate/mem_test_rw_seperate.runs/impl_1/design_1_wrapper.ltx} [get_hw_devices xc7z020_1]
set_property FULL_PROBES.FILE {/home/juju/mem_test_rw_seperate/mem_test_rw_seperate.runs/impl_1/design_1_wrapper.ltx} [get_hw_devices xc7z020_1]
current_hw_device [get_hw_devices xc7z020_1]
refresh_hw_device [lindex [get_hw_devices xc7z020_1] 0]
INFO: [Labtools 27-1434] Device xc7z020 (JTAG device index = 1) is programmed with a design that has no supported debug core(s) in it.
WARNING: [Labtools 27-3361] The debug hub core was not detected.
Resolution: 
1. Make sure the clock connected to the debug hub (dbg_hub) core is a free running clock and is active.
2. Make sure the BSCAN_SWITCH_USER_MASK device property in Vivado Hardware Manager reflects the user scan chain setting in the design and refresh the device.  To determine the user scan chain setting in the design, open the implemented design and use 'get_property C_USER_SCAN_CHAIN [get_debug_cores dbg_hub]'.
For more details on setting the scan chain property, consult the Vivado Debug and Programming User Guide (UG908).
WARNING: [Labtools 27-3403] Dropping logic core with cellname:'design_1_i/system_ila_0/inst/ila_lib' from probes file, since it cannot be found on the programmed device.
refresh_hw_device [lindex [get_hw_devices xc7z020_1] 0]
INFO: [Labtools 27-1434] Device xc7z020 (JTAG device index = 1) is programmed with a design that has no supported debug core(s) in it.
WARNING: [Labtools 27-3361] The debug hub core was not detected.
Resolution: 
1. Make sure the clock connected to the debug hub (dbg_hub) core is a free running clock and is active.
2. Make sure the BSCAN_SWITCH_USER_MASK device property in Vivado Hardware Manager reflects the user scan chain setting in the design and refresh the device.  To determine the user scan chain setting in the design, open the implemented design and use 'get_property C_USER_SCAN_CHAIN [get_debug_cores dbg_hub]'.
For more details on setting the scan chain property, consult the Vivado Debug and Programming User Guide (UG908).
WARNING: [Labtools 27-3403] Dropping logic core with cellname:'design_1_i/system_ila_0/inst/ila_lib' from probes file, since it cannot be found on the programmed device.
refresh_hw_device [lindex [get_hw_devices xc7z020_1] 0]
INFO: [Labtools 27-1434] Device xc7z020 (JTAG device index = 1) is programmed with a design that has no supported debug core(s) in it.
WARNING: [Labtools 27-3361] The debug hub core was not detected.
Resolution: 
1. Make sure the clock connected to the debug hub (dbg_hub) core is a free running clock and is active.
2. Make sure the BSCAN_SWITCH_USER_MASK device property in Vivado Hardware Manager reflects the user scan chain setting in the design and refresh the device.  To determine the user scan chain setting in the design, open the implemented design and use 'get_property C_USER_SCAN_CHAIN [get_debug_cores dbg_hub]'.
For more details on setting the scan chain property, consult the Vivado Debug and Programming User Guide (UG908).
WARNING: [Labtools 27-3403] Dropping logic core with cellname:'design_1_i/system_ila_0/inst/ila_lib' from probes file, since it cannot be found on the programmed device.
open_bd_design {/home/juju/mem_test_rw_seperate/mem_test_rw_seperate.srcs/sources_1/bd/design_1/design_1.bd}
regenerate_bd_layout
save_bd_design
Wrote  : </home/juju/mem_test_rw_seperate/mem_test_rw_seperate.srcs/sources_1/bd/design_1/ui/bd_1f5defd0.ui> 
ERROR: [Labtoolstcl 44-513] HW Target shutdown. Closing target: localhost:3121/xilinx_tcf/Digilent/210203346604A
close_hw
open_hw
connect_hw_server
INFO: [Labtools 27-2285] Connecting to hw_server url TCP:localhost:3121
open_hw_target
INFO: [Labtoolstcl 44-466] Opening hw_target localhost:3121/xilinx_tcf/Digilent/210203346604A
set_property PROGRAM.FILE {/home/juju/mem_test_rw_seperate/mem_test_rw_seperate.runs/impl_1/design_1_wrapper.bit} [get_hw_devices xc7z020_1]
set_property PROBES.FILE {/home/juju/mem_test_rw_seperate/mem_test_rw_seperate.runs/impl_1/design_1_wrapper.ltx} [get_hw_devices xc7z020_1]
set_property FULL_PROBES.FILE {/home/juju/mem_test_rw_seperate/mem_test_rw_seperate.runs/impl_1/design_1_wrapper.ltx} [get_hw_devices xc7z020_1]
current_hw_device [get_hw_devices xc7z020_1]
refresh_hw_device [lindex [get_hw_devices xc7z020_1] 0]
INFO: [Labtools 27-2302] Device xc7z020 (JTAG device index = 1) is programmed with a design that has 1 ILA core(s).
display_hw_ila_data [ get_hw_ila_data hw_ila_data_1 -of_objects [get_hw_ilas -of_objects [get_hw_devices xc7z020_1] -filter {CELL_NAME=~"design_1_i/system_ila_0/inst/ila_lib"}]]
Processed interface axi_interconnect_0_M00_AXI_ila1_slot0
Processed interface axi_interconnect_3_M00_AXI_ila1_slot1
Processed interface axi_interconnect_2_M00_AXI_ila1_slot2
Processed interface axi_interconnect_4_M00_AXI_ila1_slot3
INFO: [Labtools 27-3304] ILA Waveform data saved to file /home/juju/mem_test_rw_seperate/mem_test_rw_seperate.hw/backup/hw_ila_data_1.ila. Use Tcl command 'import_hw_ila_data' or Vivado File->Import->Import ILA Data menu item to import the previously saved data.
run_hw_ila [get_hw_ilas -of_objects [get_hw_devices xc7z020_1] -filter {CELL_NAME=~"design_1_i/system_ila_0/inst/ila_lib"}]
INFO: [Labtools 27-1964] The ILA core 'hw_ila_1' trigger was armed at 2018-May-30 14:36:01
wait_on_hw_ila [get_hw_ilas -of_objects [get_hw_devices xc7z020_1] -filter {CELL_NAME=~"design_1_i/system_ila_0/inst/ila_lib"}]
display_hw_ila_data [upload_hw_ila_data [get_hw_ilas -of_objects [get_hw_devices xc7z020_1] -filter {CELL_NAME=~"design_1_i/system_ila_0/inst/ila_lib"}]]
INFO: [Labtools 27-1966] The ILA core 'hw_ila_1' triggered at 2018-May-30 14:36:46
upload_hw_ila_data: Time (s): cpu = 00:00:24 ; elapsed = 00:00:21 . Memory (MB): peak = 8352.309 ; gain = 41.445 ; free physical = 155 ; free virtual = 14678
Processed interface axi_interconnect_0_M00_AXI_ila1_slot0
Processed interface axi_interconnect_3_M00_AXI_ila1_slot1
Processed interface axi_interconnect_2_M00_AXI_ila1_slot2
Processed interface axi_interconnect_4_M00_AXI_ila1_slot3
INFO: [Labtools 27-3304] ILA Waveform data saved to file /home/juju/mem_test_rw_seperate/mem_test_rw_seperate.hw/backup/hw_ila_data_1.ila. Use Tcl command 'import_hw_ila_data' or Vivado File->Import->Import ILA Data menu item to import the previously saved data.
WARNING: [IP_Flow 19-4318] IP-XACT file does not exist: /home/juju/mem_test_rw_seperate/ip/mem_prj/solution1/impl/ip/component.xml. It will be created.
save_wave_config {/home/juju/mem_test_rw_seperate/mem_test_rw_seperate.hw/hw_1/wave/hw_ila_data_1/hw_ila_data_1.wcfg}
close_hw
open_bd_design {/home/juju/mem_test_rw_seperate/mem_test_rw_seperate.srcs/sources_1/bd/design_1/design_1.bd}
update_ip_catalog -rebuild -scan_changes
INFO: [IP_Flow 19-234] Refreshing IP repositories
INFO: [IP_Flow 19-1700] Loaded user IP repository '/home/juju/vivado_test/stream_test_ip'.
INFO: [IP_Flow 19-1700] Loaded user IP repository '/home/juju/mem_test_rw_seperate/ip'.
report_ip_status -name ip_status
upgrade_ip [get_ips  {design_1_mem_hw_0_1 design_1_mem_hw_1_1 design_1_mem_hw_1_0 design_1_mem_hw_0_0}] -log ip_upgrade.log
Upgrading '/home/juju/mem_test_rw_seperate/mem_test_rw_seperate.srcs/sources_1/bd/design_1/design_1.bd'
INFO: [IP_Flow 19-3422] Upgraded design_1_mem_hw_0_0 (Mem_hw 1.0) from revision 1805251520 to revision 1805301642
INFO: [IP_Flow 19-3422] Upgraded design_1_mem_hw_0_1 (Mem_hw 1.0) from revision 1805251520 to revision 1805301642
INFO: [IP_Flow 19-3422] Upgraded design_1_mem_hw_1_0 (Mem_hw 1.0) from revision 1805251520 to revision 1805301642
INFO: [IP_Flow 19-3422] Upgraded design_1_mem_hw_1_1 (Mem_hw 1.0) from revision 1805251520 to revision 1805301642
Wrote  : </home/juju/mem_test_rw_seperate/mem_test_rw_seperate.srcs/sources_1/bd/design_1/design_1.bd> 
Wrote  : </home/juju/mem_test_rw_seperate/mem_test_rw_seperate.srcs/sources_1/bd/design_1/ui/bd_1f5defd0.ui> 
INFO: [Coretcl 2-1525] Wrote upgrade log to '/home/juju/mem_test_rw_seperate/ip_upgrade.log'.
upgrade_ip: Time (s): cpu = 00:00:06 ; elapsed = 00:00:07 . Memory (MB): peak = 8487.332 ; gain = 0.000 ; free physical = 233 ; free virtual = 11322
export_ip_user_files -of_objects [get_ips {design_1_mem_hw_0_1 design_1_mem_hw_1_1 design_1_mem_hw_1_0 design_1_mem_hw_0_0}] -no_script -sync -force -quiet
report_ip_status -name ip_status 
validate_bd_design
WARNING: [BD 41-1781] Updates have been made to one or more nets/interface connections marked for debug.
Debug nets, which are already connected to System ILA IP core in the block-design, will be automatically available for debug in Hardware Manager.
For unconnected Debug nets, please open synthesized design and use 'Set Up Debug' wizard to insert, modify or delete Debug Cores. Failure to do so could result in critical warnings and errors in the implementation flow.
validate_bd_design: Time (s): cpu = 00:00:56 ; elapsed = 00:01:11 . Memory (MB): peak = 8562.633 ; gain = 75.301 ; free physical = 176 ; free virtual = 11145
save_bd_design
Wrote  : </home/juju/mem_test_rw_seperate/mem_test_rw_seperate.srcs/sources_1/bd/design_1/design_1.bd> 
reset_run synth_1
launch_runs impl_1 -to_step write_bitstream -jobs 4
INFO: [BD 41-1662] The design 'design_1.bd' is already validated. Therefore parameter propagation will not be re-run.
WARNING: [BD 41-235] Width mismatch when connecting pin: '/axi_interconnect_0/m00_couplers/auto_pc/m_axi_rid'(1) to net 'auto_pc_to_m00_couplers_RID'(6) - Only lower order bits will be connected.
WARNING: [BD 41-235] Width mismatch when connecting pin: '/axi_interconnect_0/m00_couplers/auto_pc/m_axi_bid'(1) to net 'auto_pc_to_m00_couplers_BID'(6) - Only lower order bits will be connected.
WARNING: [BD 41-235] Width mismatch when connecting pin: '/axi_interconnect_2/m00_couplers/auto_pc/m_axi_rid'(1) to net 'auto_pc_to_m00_couplers_RID'(6) - Only lower order bits will be connected.
WARNING: [BD 41-235] Width mismatch when connecting pin: '/axi_interconnect_2/m00_couplers/auto_pc/m_axi_bid'(1) to net 'auto_pc_to_m00_couplers_BID'(6) - Only lower order bits will be connected.
WARNING: [BD 41-235] Width mismatch when connecting pin: '/axi_interconnect_3/m00_couplers/auto_pc/m_axi_rid'(1) to net 'auto_pc_to_m00_couplers_RID'(6) - Only lower order bits will be connected.
WARNING: [BD 41-235] Width mismatch when connecting pin: '/axi_interconnect_3/m00_couplers/auto_pc/m_axi_bid'(1) to net 'auto_pc_to_m00_couplers_BID'(6) - Only lower order bits will be connected.
WARNING: [BD 41-235] Width mismatch when connecting pin: '/axi_interconnect_4/m00_couplers/auto_pc/m_axi_rid'(1) to net 'auto_pc_to_m00_couplers_RID'(6) - Only lower order bits will be connected.
WARNING: [BD 41-235] Width mismatch when connecting pin: '/axi_interconnect_4/m00_couplers/auto_pc/m_axi_bid'(1) to net 'auto_pc_to_m00_couplers_BID'(6) - Only lower order bits will be connected.
WARNING: [BD 41-235] Width mismatch when connecting pin: '/processing_system7_0/S_AXI_HP0_AWID'(6) to net 'axi_interconnect_0_M00_AXI_AWID'(1) - Only lower order bits will be connected.
WARNING: [BD 41-235] Width mismatch when connecting pin: '/system_ila_0/SLOT_0_AXI_rid'(1) to net 'axi_interconnect_0_M00_AXI_RID'(6) - Only lower order bits will be connected.
WARNING: [BD 41-235] Width mismatch when connecting pin: '/system_ila_0/SLOT_0_AXI_bid'(1) to net 'axi_interconnect_0_M00_AXI_BID'(6) - Only lower order bits will be connected.
WARNING: [BD 41-235] Width mismatch when connecting pin: '/processing_system7_0/S_AXI_HP0_ARID'(6) to net 'axi_interconnect_0_M00_AXI_ARID'(1) - Only lower order bits will be connected.
WARNING: [BD 41-235] Width mismatch when connecting pin: '/processing_system7_0/S_AXI_HP0_WID'(6) to net 'axi_interconnect_0_M00_AXI_WID'(1) - Only lower order bits will be connected.
WARNING: [BD 41-235] Width mismatch when connecting pin: '/processing_system7_0/S_AXI_HP2_AWID'(6) to net 'axi_interconnect_3_M00_AXI_AWID'(1) - Only lower order bits will be connected.
WARNING: [BD 41-235] Width mismatch when connecting pin: '/system_ila_0/SLOT_1_AXI_rid'(1) to net 'axi_interconnect_3_M00_AXI_RID'(6) - Only lower order bits will be connected.
WARNING: [BD 41-235] Width mismatch when connecting pin: '/system_ila_0/SLOT_1_AXI_bid'(1) to net 'axi_interconnect_3_M00_AXI_BID'(6) - Only lower order bits will be connected.
WARNING: [BD 41-235] Width mismatch when connecting pin: '/processing_system7_0/S_AXI_HP2_ARID'(6) to net 'axi_interconnect_3_M00_AXI_ARID'(1) - Only lower order bits will be connected.
WARNING: [BD 41-235] Width mismatch when connecting pin: '/processing_system7_0/S_AXI_HP2_WID'(6) to net 'axi_interconnect_3_M00_AXI_WID'(1) - Only lower order bits will be connected.
WARNING: [BD 41-235] Width mismatch when connecting pin: '/processing_system7_0/S_AXI_HP1_AWID'(6) to net 'axi_interconnect_2_M00_AXI_AWID'(1) - Only lower order bits will be connected.
WARNING: [BD 41-235] Width mismatch when connecting pin: '/system_ila_0/SLOT_2_AXI_rid'(1) to net 'axi_interconnect_2_M00_AXI_RID'(6) - Only lower order bits will be connected.
WARNING: [BD 41-235] Width mismatch when connecting pin: '/system_ila_0/SLOT_2_AXI_bid'(1) to net 'axi_interconnect_2_M00_AXI_BID'(6) - Only lower order bits will be connected.
WARNING: [BD 41-235] Width mismatch when connecting pin: '/processing_system7_0/S_AXI_HP1_ARID'(6) to net 'axi_interconnect_2_M00_AXI_ARID'(1) - Only lower order bits will be connected.
WARNING: [BD 41-235] Width mismatch when connecting pin: '/processing_system7_0/S_AXI_HP1_WID'(6) to net 'axi_interconnect_2_M00_AXI_WID'(1) - Only lower order bits will be connected.
WARNING: [BD 41-235] Width mismatch when connecting pin: '/processing_system7_0/S_AXI_HP3_AWID'(6) to net 'axi_interconnect_4_M00_AXI_AWID'(1) - Only lower order bits will be connected.
WARNING: [BD 41-235] Width mismatch when connecting pin: '/system_ila_0/SLOT_3_AXI_rid'(1) to net 'axi_interconnect_4_M00_AXI_RID'(6) - Only lower order bits will be connected.
WARNING: [BD 41-235] Width mismatch when connecting pin: '/system_ila_0/SLOT_3_AXI_bid'(1) to net 'axi_interconnect_4_M00_AXI_BID'(6) - Only lower order bits will be connected.
WARNING: [BD 41-235] Width mismatch when connecting pin: '/processing_system7_0/S_AXI_HP3_ARID'(6) to net 'axi_interconnect_4_M00_AXI_ARID'(1) - Only lower order bits will be connected.
WARNING: [BD 41-235] Width mismatch when connecting pin: '/processing_system7_0/S_AXI_HP3_WID'(6) to net 'axi_interconnect_4_M00_AXI_WID'(1) - Only lower order bits will be connected.
VHDL Output written to : /home/juju/mem_test_rw_seperate/mem_test_rw_seperate.srcs/sources_1/bd/design_1/synth/design_1.v
WARNING: [BD 41-235] Width mismatch when connecting pin: '/axi_interconnect_0/m00_couplers/auto_pc/m_axi_rid'(1) to net 'auto_pc_to_m00_couplers_RID'(6) - Only lower order bits will be connected.
WARNING: [BD 41-235] Width mismatch when connecting pin: '/axi_interconnect_0/m00_couplers/auto_pc/m_axi_bid'(1) to net 'auto_pc_to_m00_couplers_BID'(6) - Only lower order bits will be connected.
WARNING: [BD 41-235] Width mismatch when connecting pin: '/axi_interconnect_2/m00_couplers/auto_pc/m_axi_rid'(1) to net 'auto_pc_to_m00_couplers_RID'(6) - Only lower order bits will be connected.
WARNING: [BD 41-235] Width mismatch when connecting pin: '/axi_interconnect_2/m00_couplers/auto_pc/m_axi_bid'(1) to net 'auto_pc_to_m00_couplers_BID'(6) - Only lower order bits will be connected.
WARNING: [BD 41-235] Width mismatch when connecting pin: '/axi_interconnect_3/m00_couplers/auto_pc/m_axi_rid'(1) to net 'auto_pc_to_m00_couplers_RID'(6) - Only lower order bits will be connected.
WARNING: [BD 41-235] Width mismatch when connecting pin: '/axi_interconnect_3/m00_couplers/auto_pc/m_axi_bid'(1) to net 'auto_pc_to_m00_couplers_BID'(6) - Only lower order bits will be connected.
WARNING: [BD 41-235] Width mismatch when connecting pin: '/axi_interconnect_4/m00_couplers/auto_pc/m_axi_rid'(1) to net 'auto_pc_to_m00_couplers_RID'(6) - Only lower order bits will be connected.
WARNING: [BD 41-235] Width mismatch when connecting pin: '/axi_interconnect_4/m00_couplers/auto_pc/m_axi_bid'(1) to net 'auto_pc_to_m00_couplers_BID'(6) - Only lower order bits will be connected.
WARNING: [BD 41-235] Width mismatch when connecting pin: '/processing_system7_0/S_AXI_HP0_AWID'(6) to net 'axi_interconnect_0_M00_AXI_AWID'(1) - Only lower order bits will be connected.
WARNING: [BD 41-235] Width mismatch when connecting pin: '/system_ila_0/SLOT_0_AXI_rid'(1) to net 'axi_interconnect_0_M00_AXI_RID'(6) - Only lower order bits will be connected.
WARNING: [BD 41-235] Width mismatch when connecting pin: '/system_ila_0/SLOT_0_AXI_bid'(1) to net 'axi_interconnect_0_M00_AXI_BID'(6) - Only lower order bits will be connected.
WARNING: [BD 41-235] Width mismatch when connecting pin: '/processing_system7_0/S_AXI_HP0_ARID'(6) to net 'axi_interconnect_0_M00_AXI_ARID'(1) - Only lower order bits will be connected.
WARNING: [BD 41-235] Width mismatch when connecting pin: '/processing_system7_0/S_AXI_HP0_WID'(6) to net 'axi_interconnect_0_M00_AXI_WID'(1) - Only lower order bits will be connected.
WARNING: [BD 41-235] Width mismatch when connecting pin: '/processing_system7_0/S_AXI_HP2_AWID'(6) to net 'axi_interconnect_3_M00_AXI_AWID'(1) - Only lower order bits will be connected.
WARNING: [BD 41-235] Width mismatch when connecting pin: '/system_ila_0/SLOT_1_AXI_rid'(1) to net 'axi_interconnect_3_M00_AXI_RID'(6) - Only lower order bits will be connected.
WARNING: [BD 41-235] Width mismatch when connecting pin: '/system_ila_0/SLOT_1_AXI_bid'(1) to net 'axi_interconnect_3_M00_AXI_BID'(6) - Only lower order bits will be connected.
WARNING: [BD 41-235] Width mismatch when connecting pin: '/processing_system7_0/S_AXI_HP2_ARID'(6) to net 'axi_interconnect_3_M00_AXI_ARID'(1) - Only lower order bits will be connected.
WARNING: [BD 41-235] Width mismatch when connecting pin: '/processing_system7_0/S_AXI_HP2_WID'(6) to net 'axi_interconnect_3_M00_AXI_WID'(1) - Only lower order bits will be connected.
WARNING: [BD 41-235] Width mismatch when connecting pin: '/processing_system7_0/S_AXI_HP1_AWID'(6) to net 'axi_interconnect_2_M00_AXI_AWID'(1) - Only lower order bits will be connected.
WARNING: [BD 41-235] Width mismatch when connecting pin: '/system_ila_0/SLOT_2_AXI_rid'(1) to net 'axi_interconnect_2_M00_AXI_RID'(6) - Only lower order bits will be connected.
WARNING: [BD 41-235] Width mismatch when connecting pin: '/system_ila_0/SLOT_2_AXI_bid'(1) to net 'axi_interconnect_2_M00_AXI_BID'(6) - Only lower order bits will be connected.
WARNING: [BD 41-235] Width mismatch when connecting pin: '/processing_system7_0/S_AXI_HP1_ARID'(6) to net 'axi_interconnect_2_M00_AXI_ARID'(1) - Only lower order bits will be connected.
WARNING: [BD 41-235] Width mismatch when connecting pin: '/processing_system7_0/S_AXI_HP1_WID'(6) to net 'axi_interconnect_2_M00_AXI_WID'(1) - Only lower order bits will be connected.
WARNING: [BD 41-235] Width mismatch when connecting pin: '/processing_system7_0/S_AXI_HP3_AWID'(6) to net 'axi_interconnect_4_M00_AXI_AWID'(1) - Only lower order bits will be connected.
WARNING: [BD 41-235] Width mismatch when connecting pin: '/system_ila_0/SLOT_3_AXI_rid'(1) to net 'axi_interconnect_4_M00_AXI_RID'(6) - Only lower order bits will be connected.
WARNING: [BD 41-235] Width mismatch when connecting pin: '/system_ila_0/SLOT_3_AXI_bid'(1) to net 'axi_interconnect_4_M00_AXI_BID'(6) - Only lower order bits will be connected.
WARNING: [BD 41-235] Width mismatch when connecting pin: '/processing_system7_0/S_AXI_HP3_ARID'(6) to net 'axi_interconnect_4_M00_AXI_ARID'(1) - Only lower order bits will be connected.
WARNING: [BD 41-235] Width mismatch when connecting pin: '/processing_system7_0/S_AXI_HP3_WID'(6) to net 'axi_interconnect_4_M00_AXI_WID'(1) - Only lower order bits will be connected.
VHDL Output written to : /home/juju/mem_test_rw_seperate/mem_test_rw_seperate.srcs/sources_1/bd/design_1/sim/design_1.v
VHDL Output written to : /home/juju/mem_test_rw_seperate/mem_test_rw_seperate.srcs/sources_1/bd/design_1/hdl/design_1_wrapper.v
INFO: [BD 41-1029] Generation completed for the IP Integrator block processing_system7_0 .
INFO: [BD 41-1029] Generation completed for the IP Integrator block axi_dma_0 .
INFO: [BD 41-1029] Generation completed for the IP Integrator block rst_ps7_0_100M .
INFO: [BD 41-1029] Generation completed for the IP Integrator block axi_interconnect_1/xbar .
INFO: [BD 41-1029] Generation completed for the IP Integrator block axi_interconnect_0/xbar .
INFO: [BD 41-1029] Generation completed for the IP Integrator block mem_hw_0 .
INFO: [BD 41-1029] Generation completed for the IP Integrator block axi_dma_1 .
INFO: [BD 41-1029] Generation completed for the IP Integrator block axi_dma_2 .
INFO: [BD 41-1029] Generation completed for the IP Integrator block axi_dma_3 .
INFO: [BD 41-1029] Generation completed for the IP Integrator block mem_hw_1 .
INFO: [BD 41-1029] Generation completed for the IP Integrator block mem_hw_2 .
INFO: [BD 41-1029] Generation completed for the IP Integrator block mem_hw_3 .
INFO: [BD 41-1029] Generation completed for the IP Integrator block xlconcat_0 .
INFO: [BD 41-1029] Generation completed for the IP Integrator block axi_interconnect_4/xbar .
INFO: [BD 41-1029] Generation completed for the IP Integrator block axi_interconnect_3/xbar .
INFO: [BD 41-1029] Generation completed for the IP Integrator block axi_interconnect_2/xbar .
Exporting to file /home/juju/mem_test_rw_seperate/mem_test_rw_seperate.srcs/sources_1/bd/design_1/ip/design_1_system_ila_0_0/bd_0/hw_handoff/design_1_system_ila_0_0.hwh
Generated Block Design Tcl file /home/juju/mem_test_rw_seperate/mem_test_rw_seperate.srcs/sources_1/bd/design_1/ip/design_1_system_ila_0_0/bd_0/hw_handoff/design_1_system_ila_0_0_bd.tcl
Generated Hardware Definition File /home/juju/mem_test_rw_seperate/mem_test_rw_seperate.srcs/sources_1/bd/design_1/ip/design_1_system_ila_0_0/bd_0/synth/design_1_system_ila_0_0.hwdef
INFO: [BD 41-1029] Generation completed for the IP Integrator block system_ila_0 .
WARNING: [IP_Flow 19-4994] Overwriting existing constraint file '/home/juju/mem_test_rw_seperate/mem_test_rw_seperate.srcs/sources_1/bd/design_1/ip/design_1_auto_pc_4_1/design_1_auto_pc_4_ooc.xdc'
INFO: [BD 41-1029] Generation completed for the IP Integrator block axi_interconnect_4/m00_couplers/auto_pc .
WARNING: [IP_Flow 19-4994] Overwriting existing constraint file '/home/juju/mem_test_rw_seperate/mem_test_rw_seperate.srcs/sources_1/bd/design_1/ip/design_1_s01_data_fifo_3_1/design_1_s01_data_fifo_3_ooc.xdc'
INFO: [BD 41-1029] Generation completed for the IP Integrator block axi_interconnect_4/s01_couplers/s01_data_fifo .
WARNING: [IP_Flow 19-4994] Overwriting existing constraint file '/home/juju/mem_test_rw_seperate/mem_test_rw_seperate.srcs/sources_1/bd/design_1/ip/design_1_s00_data_fifo_3_1/design_1_s00_data_fifo_3_ooc.xdc'
INFO: [BD 41-1029] Generation completed for the IP Integrator block axi_interconnect_4/s00_couplers/s00_data_fifo .
WARNING: [IP_Flow 19-4994] Overwriting existing constraint file '/home/juju/mem_test_rw_seperate/mem_test_rw_seperate.srcs/sources_1/bd/design_1/ip/design_1_auto_pc_3_1/design_1_auto_pc_3_ooc.xdc'
INFO: [BD 41-1029] Generation completed for the IP Integrator block axi_interconnect_3/m00_couplers/auto_pc .
WARNING: [IP_Flow 19-4994] Overwriting existing constraint file '/home/juju/mem_test_rw_seperate/mem_test_rw_seperate.srcs/sources_1/bd/design_1/ip/design_1_s01_data_fifo_2_1/design_1_s01_data_fifo_2_ooc.xdc'
INFO: [BD 41-1029] Generation completed for the IP Integrator block axi_interconnect_3/s01_couplers/s01_data_fifo .
WARNING: [IP_Flow 19-4994] Overwriting existing constraint file '/home/juju/mem_test_rw_seperate/mem_test_rw_seperate.srcs/sources_1/bd/design_1/ip/design_1_s00_data_fifo_2_1/design_1_s00_data_fifo_2_ooc.xdc'
INFO: [BD 41-1029] Generation completed for the IP Integrator block axi_interconnect_3/s00_couplers/s00_data_fifo .
WARNING: [IP_Flow 19-4994] Overwriting existing constraint file '/home/juju/mem_test_rw_seperate/mem_test_rw_seperate.srcs/sources_1/bd/design_1/ip/design_1_auto_pc_2_1/design_1_auto_pc_2_ooc.xdc'
INFO: [BD 41-1029] Generation completed for the IP Integrator block axi_interconnect_2/m00_couplers/auto_pc .
WARNING: [IP_Flow 19-4994] Overwriting existing constraint file '/home/juju/mem_test_rw_seperate/mem_test_rw_seperate.srcs/sources_1/bd/design_1/ip/design_1_s01_data_fifo_1_1/design_1_s01_data_fifo_1_ooc.xdc'
INFO: [BD 41-1029] Generation completed for the IP Integrator block axi_interconnect_2/s01_couplers/s01_data_fifo .
WARNING: [IP_Flow 19-4994] Overwriting existing constraint file '/home/juju/mem_test_rw_seperate/mem_test_rw_seperate.srcs/sources_1/bd/design_1/ip/design_1_s00_data_fifo_1_1/design_1_s00_data_fifo_1_ooc.xdc'
INFO: [BD 41-1029] Generation completed for the IP Integrator block axi_interconnect_2/s00_couplers/s00_data_fifo .
WARNING: [IP_Flow 19-4994] Overwriting existing constraint file '/home/juju/mem_test_rw_seperate/mem_test_rw_seperate.srcs/sources_1/bd/design_1/ip/design_1_auto_pc_1/design_1_auto_pc_1_ooc.xdc'
INFO: [BD 41-1029] Generation completed for the IP Integrator block axi_interconnect_1/s00_couplers/auto_pc .
WARNING: [IP_Flow 19-4994] Overwriting existing constraint file '/home/juju/mem_test_rw_seperate/mem_test_rw_seperate.srcs/sources_1/bd/design_1/ip/design_1_auto_pc_0/design_1_auto_pc_0_ooc.xdc'
INFO: [BD 41-1029] Generation completed for the IP Integrator block axi_interconnect_0/m00_couplers/auto_pc .
WARNING: [IP_Flow 19-4994] Overwriting existing constraint file '/home/juju/mem_test_rw_seperate/mem_test_rw_seperate.srcs/sources_1/bd/design_1/ip/design_1_s01_data_fifo_0_1/design_1_s01_data_fifo_0_ooc.xdc'
INFO: [BD 41-1029] Generation completed for the IP Integrator block axi_interconnect_0/s01_couplers/s01_data_fifo .
WARNING: [IP_Flow 19-4994] Overwriting existing constraint file '/home/juju/mem_test_rw_seperate/mem_test_rw_seperate.srcs/sources_1/bd/design_1/ip/design_1_s00_data_fifo_0_1/design_1_s00_data_fifo_0_ooc.xdc'
INFO: [BD 41-1029] Generation completed for the IP Integrator block axi_interconnect_0/s00_couplers/s00_data_fifo .
Exporting to file /home/juju/mem_test_rw_seperate/mem_test_rw_seperate.srcs/sources_1/bd/design_1/hw_handoff/design_1.hwh
Generated Block Design Tcl file /home/juju/mem_test_rw_seperate/mem_test_rw_seperate.srcs/sources_1/bd/design_1/hw_handoff/design_1_bd.tcl
Generated Hardware Definition File /home/juju/mem_test_rw_seperate/mem_test_rw_seperate.srcs/sources_1/bd/design_1/synth/design_1.hwdef
INFO: [IP_Flow 19-4993] Using cached IP synthesis design for IP design_1_auto_pc_4, cache-ID = 39afa56a2c730f0b; cache size = 271.614 MB.
INFO: [IP_Flow 19-4993] Using cached IP synthesis design for IP design_1_s01_data_fifo_3, cache-ID = 147bdaffff085bf6; cache size = 271.614 MB.
INFO: [IP_Flow 19-4993] Using cached IP synthesis design for IP design_1_s00_data_fifo_3, cache-ID = c45258b336029482; cache size = 271.614 MB.
INFO: [IP_Flow 19-4993] Using cached IP synthesis design for IP design_1_auto_pc_3, cache-ID = 39afa56a2c730f0b; cache size = 271.614 MB.
INFO: [IP_Flow 19-4993] Using cached IP synthesis design for IP design_1_s01_data_fifo_2, cache-ID = 147bdaffff085bf6; cache size = 271.614 MB.
INFO: [IP_Flow 19-4993] Using cached IP synthesis design for IP design_1_s00_data_fifo_2, cache-ID = c45258b336029482; cache size = 271.614 MB.
INFO: [IP_Flow 19-4993] Using cached IP synthesis design for IP design_1_auto_pc_2, cache-ID = 39afa56a2c730f0b; cache size = 271.614 MB.
INFO: [IP_Flow 19-4993] Using cached IP synthesis design for IP design_1_s01_data_fifo_1, cache-ID = 147bdaffff085bf6; cache size = 271.614 MB.
INFO: [IP_Flow 19-4993] Using cached IP synthesis design for IP design_1_s00_data_fifo_1, cache-ID = c45258b336029482; cache size = 271.614 MB.
INFO: [IP_Flow 19-4993] Using cached IP synthesis design for IP design_1_auto_pc_1, cache-ID = 7e3921e835a209fe; cache size = 271.614 MB.
INFO: [IP_Flow 19-4993] Using cached IP synthesis design for IP design_1_auto_pc_0, cache-ID = 39afa56a2c730f0b; cache size = 271.614 MB.
INFO: [IP_Flow 19-4993] Using cached IP synthesis design for IP design_1_s01_data_fifo_0, cache-ID = 147bdaffff085bf6; cache size = 271.614 MB.
INFO: [IP_Flow 19-4993] Using cached IP synthesis design for IP design_1_s00_data_fifo_0, cache-ID = c45258b336029482; cache size = 271.614 MB.
[Wed May 30 16:48:24 2018] Launched design_1_mem_hw_0_0_synth_1, design_1_mem_hw_0_1_synth_1, design_1_mem_hw_1_0_synth_1, design_1_mem_hw_1_1_synth_1, synth_1...
Run output will be captured here:
design_1_mem_hw_0_0_synth_1: /home/juju/mem_test_rw_seperate/mem_test_rw_seperate.runs/design_1_mem_hw_0_0_synth_1/runme.log
design_1_mem_hw_0_1_synth_1: /home/juju/mem_test_rw_seperate/mem_test_rw_seperate.runs/design_1_mem_hw_0_1_synth_1/runme.log
design_1_mem_hw_1_0_synth_1: /home/juju/mem_test_rw_seperate/mem_test_rw_seperate.runs/design_1_mem_hw_1_0_synth_1/runme.log
design_1_mem_hw_1_1_synth_1: /home/juju/mem_test_rw_seperate/mem_test_rw_seperate.runs/design_1_mem_hw_1_1_synth_1/runme.log
synth_1: /home/juju/mem_test_rw_seperate/mem_test_rw_seperate.runs/synth_1/runme.log
[Wed May 30 16:48:24 2018] Launched impl_1...
Run output will be captured here: /home/juju/mem_test_rw_seperate/mem_test_rw_seperate.runs/impl_1/runme.log
launch_runs: Time (s): cpu = 00:00:27 ; elapsed = 00:00:39 . Memory (MB): peak = 8689.988 ; gain = 94.320 ; free physical = 365 ; free virtual = 10925
reset_run impl_1
WARNING: [IP_Flow 19-474] Invalid Parameter 'Component_Name'
WARNING: [IP_Flow 19-474] Invalid Parameter 'Component_Name'
launch_runs impl_1 -to_step write_bitstream -jobs 4
[Wed May 30 17:02:53 2018] Launched impl_1...
Run output will be captured here: /home/juju/mem_test_rw_seperate/mem_test_rw_seperate.runs/impl_1/runme.log
file copy -force /home/juju/mem_test_rw_seperate/mem_test_rw_seperate.runs/impl_1/design_1_wrapper.sysdef /home/juju/mem_test_rw_seperate/mem_test_rw_seperate.sdk/design_1_wrapper.hdf

launch_sdk -workspace /home/juju/mem_test_rw_seperate/mem_test_rw_seperate.sdk -hwspec /home/juju/mem_test_rw_seperate/mem_test_rw_seperate.sdk/design_1_wrapper.hdf
INFO: [Vivado 12-393] Launching SDK...
INFO: [Vivado 12-417] Running xsdk -workspace /home/juju/mem_test_rw_seperate/mem_test_rw_seperate.sdk -hwspec /home/juju/mem_test_rw_seperate/mem_test_rw_seperate.sdk/design_1_wrapper.hdf
INFO: [Vivado 12-3157] SDK launch initiated. Please check console for any further messages.
report_utilization -name utilization_1
INFO: [Common 17-41] Interrupt caught. Command should exit soon.
report_utilization: Time (s): cpu = 00:00:17 ; elapsed = 00:00:11 . Memory (MB): peak = 8818.062 ; gain = 75.113 ; free physical = 2505 ; free virtual = 17941
report_utilization: Time (s): cpu = 00:00:18 ; elapsed = 00:00:11 . Memory (MB): peak = 8818.062 ; gain = 75.113 ; free physical = 2505 ; free virtual = 17941
INFO: [Common 17-344] 'report_utilization' was cancelled
open_hw
connect_hw_server
INFO: [Labtools 27-2285] Connecting to hw_server url TCP:localhost:3121
ERROR: [Labtoolstcl 44-494] There is no active target available for server at localhost.
 Targets(s) ", jsn-JTAG-SMT1-210203346604A" may be locked by another hw_server.
open_bd_design {/home/juju/mem_test_rw_seperate/mem_test_rw_seperate.srcs/sources_1/bd/design_1/design_1.bd}
WARNING: [IP_Flow 19-474] Invalid Parameter 'Component_Name'
WARNING: [IP_Flow 19-474] Invalid Parameter 'Component_Name'
WARNING: [IP_Flow 19-474] Invalid Parameter 'Component_Name'
WARNING: [IP_Flow 19-474] Invalid Parameter 'Component_Name'
WARNING: [IP_Flow 19-474] Invalid Parameter 'Component_Name'
INFO: [Labtoolstcl 44-466] Opening hw_target localhost:3121/xilinx_tcf/Digilent/210203346604A
WARNING: [Labtoolstcl 44-129] No matching hw_ila_data was found.
INFO: [Labtools 27-2302] Device xc7z020 (JTAG device index = 1) is programmed with a design that has 1 ILA core(s).
Processed interface axi_interconnect_0_M00_AXI_ila1_slot0
Processed interface axi_interconnect_3_M00_AXI_ila1_slot1
Processed interface axi_interconnect_2_M00_AXI_ila1_slot2
Processed interface axi_interconnect_4_M00_AXI_ila1_slot3
INFO: [Labtools 27-3304] ILA Waveform data saved to file /home/juju/mem_test_rw_seperate/mem_test_rw_seperate.hw/backup/hw_ila_data_1.ila. Use Tcl command 'import_hw_ila_data' or Vivado File->Import->Import ILA Data menu item to import the previously saved data.
ERROR: [Labtoolstcl 44-513] HW Target shutdown. Closing target: localhost:3121/xilinx_tcf/Digilent/210203346604A
close_hw
open_hw
connect_hw_server
INFO: [Labtools 27-2285] Connecting to hw_server url TCP:localhost:3121
open_hw_target
INFO: [Labtoolstcl 44-466] Opening hw_target localhost:3121/xilinx_tcf/Digilent/210203346604A
set_property PROGRAM.FILE {/home/juju/mem_test_rw_seperate/mem_test_rw_seperate.runs/impl_1/design_1_wrapper.bit} [get_hw_devices xc7z020_1]
set_property PROBES.FILE {/home/juju/mem_test_rw_seperate/mem_test_rw_seperate.runs/impl_1/design_1_wrapper.ltx} [get_hw_devices xc7z020_1]
set_property FULL_PROBES.FILE {/home/juju/mem_test_rw_seperate/mem_test_rw_seperate.runs/impl_1/design_1_wrapper.ltx} [get_hw_devices xc7z020_1]
current_hw_device [get_hw_devices xc7z020_1]
refresh_hw_device [lindex [get_hw_devices xc7z020_1] 0]
INFO: [Labtools 27-2302] Device xc7z020 (JTAG device index = 1) is programmed with a design that has 1 ILA core(s).
display_hw_ila_data [ get_hw_ila_data hw_ila_data_1 -of_objects [get_hw_ilas -of_objects [get_hw_devices xc7z020_1] -filter {CELL_NAME=~"design_1_i/system_ila_0/inst/ila_lib"}]]
Processed interface axi_interconnect_0_M00_AXI_ila1_slot0
Processed interface axi_interconnect_3_M00_AXI_ila1_slot1
Processed interface axi_interconnect_2_M00_AXI_ila1_slot2
Processed interface axi_interconnect_4_M00_AXI_ila1_slot3
INFO: [Labtools 27-3304] ILA Waveform data saved to file /home/juju/mem_test_rw_seperate/mem_test_rw_seperate.hw/backup/hw_ila_data_1.ila. Use Tcl command 'import_hw_ila_data' or Vivado File->Import->Import ILA Data menu item to import the previously saved data.
run_hw_ila [get_hw_ilas -of_objects [get_hw_devices xc7z020_1] -filter {CELL_NAME=~"design_1_i/system_ila_0/inst/ila_lib"}]
INFO: [Labtools 27-1964] The ILA core 'hw_ila_1' trigger was armed at 2018-Jun-04 10:20:52
ERROR: [Xicom 50-38] xicom: Unable to connect to debug core(s) on the target device. Check cable connectivity and that the target board is powered up then use the disconnect_hw_server and connect_hw_server to re-initialize the hardware target. Use open_hw_target to re-register the hardware device.
ERROR: [Xicom 50-38] xicom: Unable to connect to debug core(s) on the target device. Check cable connectivity and that the target board is powered up then use the disconnect_hw_server and connect_hw_server to re-initialize the hardware target. Use open_hw_target to re-register the hardware device.
ERROR: [Xicom 50-38] xicom: Unable to connect to debug core(s) on the target device. Check cable connectivity and that the target board is powered up then use the disconnect_hw_server and connect_hw_server to re-initialize the hardware target. Use open_hw_target to re-register the hardware device.
ERROR: [Xicom 50-38] xicom: Unable to connect to debug core(s) on the target device. Check cable connectivity and that the target board is powered up then use the disconnect_hw_server and connect_hw_server to re-initialize the hardware target. Use open_hw_target to re-register the hardware device.
ERROR: [Xicom 50-38] xicom: Unable to connect to debug core(s) on the target device. Check cable connectivity and that the target board is powered up then use the disconnect_hw_server and connect_hw_server to re-initialize the hardware target. Use open_hw_target to re-register the hardware device.
ERROR: [Xicom 50-38] xicom: Unable to connect to debug core(s) on the target device. Check cable connectivity and that the target board is powered up then use the disconnect_hw_server and connect_hw_server to re-initialize the hardware target. Use open_hw_target to re-register the hardware device.
ERROR: [Xicom 50-38] xicom: Unable to connect to debug core(s) on the target device. Check cable connectivity and that the target board is powered up then use the disconnect_hw_server and connect_hw_server to re-initialize the hardware target. Use open_hw_target to re-register the hardware device.
ERROR: [Xicom 50-38] xicom: Unable to connect to debug core(s) on the target device. Check cable connectivity and that the target board is powered up then use the disconnect_hw_server and connect_hw_server to re-initialize the hardware target. Use open_hw_target to re-register the hardware device.
ERROR: [Xicom 50-38] xicom: Unable to connect to debug core(s) on the target device. Check cable connectivity and that the target board is powered up then use the disconnect_hw_server and connect_hw_server to re-initialize the hardware target. Use open_hw_target to re-register the hardware device.
ERROR: [Xicom 50-38] xicom: Unable to connect to debug core(s) on the target device. Check cable connectivity and that the target board is powered up then use the disconnect_hw_server and connect_hw_server to re-initialize the hardware target. Use open_hw_target to re-register the hardware device.
run_hw_ila [get_hw_ilas -of_objects [get_hw_devices xc7z020_1] -filter {CELL_NAME=~"design_1_i/system_ila_0/inst/ila_lib"}]
INFO: [Labtools 27-1964] The ILA core 'hw_ila_1' trigger was armed at 2018-Jun-04 10:21:54
set_property TRIGGER_COMPARE_VALUE eq1'bX [get_hw_probes design_1_i/system_ila_0/inst/net_slot_0_axi_rlast -of_objects [get_hw_ilas -of_objects [get_hw_devices xc7z020_1] -filter {CELL_NAME=~"design_1_i/system_ila_0/inst/ila_lib"}]]
wait_on_hw_ila -timeout 0 [get_hw_ilas -of_objects [get_hw_devices xc7z020_1] -filter {CELL_NAME=~"design_1_i/system_ila_0/inst/ila_lib"}]
upload_hw_ila_data [get_hw_ilas -of_objects [get_hw_devices xc7z020_1] -filter {CELL_NAME=~"design_1_i/system_ila_0/inst/ila_lib"}]
INFO: [Labtools 27-1965] The ILA core 'hw_ila_1' trigger was stopped by user at 2018-Jun-04 10:22:28
WARNING: [Labtools 27-157] hw_ila [hw_ila_1] stopped. No data to upload.
run_hw_ila [get_hw_ilas -of_objects [get_hw_devices xc7z020_1] -filter {CELL_NAME=~"design_1_i/system_ila_0/inst/ila_lib"}]
INFO: [Labtools 27-1964] The ILA core 'hw_ila_1' trigger was armed at 2018-Jun-04 10:22:29
wait_on_hw_ila -timeout 0 [get_hw_ilas -of_objects [get_hw_devices xc7z020_1] -filter {CELL_NAME=~"design_1_i/system_ila_0/inst/ila_lib"}]
upload_hw_ila_data [get_hw_ilas -of_objects [get_hw_devices xc7z020_1] -filter {CELL_NAME=~"design_1_i/system_ila_0/inst/ila_lib"}]
INFO: [Labtools 27-1965] The ILA core 'hw_ila_1' trigger was stopped by user at 2018-Jun-04 10:22:52
WARNING: [Labtools 27-157] hw_ila [hw_ila_1] stopped. No data to upload.
run_hw_ila [get_hw_ilas -of_objects [get_hw_devices xc7z020_1] -filter {CELL_NAME=~"design_1_i/system_ila_0/inst/ila_lib"}] -trigger_now
INFO: [Labtools 27-1964] The ILA core 'hw_ila_1' trigger was armed at 2018-Jun-04 10:22:54
wait_on_hw_ila [get_hw_ilas -of_objects [get_hw_devices xc7z020_1] -filter {CELL_NAME=~"design_1_i/system_ila_0/inst/ila_lib"}]
display_hw_ila_data [upload_hw_ila_data [get_hw_ilas -of_objects [get_hw_devices xc7z020_1] -filter {CELL_NAME=~"design_1_i/system_ila_0/inst/ila_lib"}]]
INFO: [Labtools 27-1966] The ILA core 'hw_ila_1' triggered at 2018-Jun-04 10:22:54
Processed interface axi_interconnect_0_M00_AXI_ila1_slot0
Processed interface axi_interconnect_3_M00_AXI_ila1_slot1
Processed interface axi_interconnect_2_M00_AXI_ila1_slot2
Processed interface axi_interconnect_4_M00_AXI_ila1_slot3
INFO: [Labtools 27-3304] ILA Waveform data saved to file /home/juju/mem_test_rw_seperate/mem_test_rw_seperate.hw/backup/hw_ila_data_1.ila. Use Tcl command 'import_hw_ila_data' or Vivado File->Import->Import ILA Data menu item to import the previously saved data.
save_wave_config {/home/juju/mem_test_rw_seperate/mem_test_rw_seperate.hw/hw_1/wave/hw_ila_data_1/hw_ila_data_1.wcfg}
close_hw
open_hw
connect_hw_server
INFO: [Labtools 27-2285] Connecting to hw_server url TCP:localhost:3121
open_hw_target
INFO: [Labtoolstcl 44-466] Opening hw_target localhost:3121/xilinx_tcf/Digilent/210203346604A
set_property PROGRAM.FILE {/home/juju/mem_test_rw_seperate/mem_test_rw_seperate.runs/impl_1/design_1_wrapper.bit} [get_hw_devices xc7z020_1]
set_property PROBES.FILE {/home/juju/mem_test_rw_seperate/mem_test_rw_seperate.runs/impl_1/design_1_wrapper.ltx} [get_hw_devices xc7z020_1]
set_property FULL_PROBES.FILE {/home/juju/mem_test_rw_seperate/mem_test_rw_seperate.runs/impl_1/design_1_wrapper.ltx} [get_hw_devices xc7z020_1]
current_hw_device [get_hw_devices xc7z020_1]
refresh_hw_device [lindex [get_hw_devices xc7z020_1] 0]
INFO: [Labtools 27-1435] Device xc7z020 (JTAG device index = 1) is not programmed (DONE status = 0).
refresh_hw_device [lindex [get_hw_devices xc7z020_1] 0]
INFO: [Labtools 27-1434] Device xc7z020 (JTAG device index = 1) is programmed with a design that has no supported debug core(s) in it.
WARNING: [Labtools 27-3361] The debug hub core was not detected.
Resolution: 
1. Make sure the clock connected to the debug hub (dbg_hub) core is a free running clock and is active.
2. Make sure the BSCAN_SWITCH_USER_MASK device property in Vivado Hardware Manager reflects the user scan chain setting in the design and refresh the device.  To determine the user scan chain setting in the design, open the implemented design and use 'get_property C_USER_SCAN_CHAIN [get_debug_cores dbg_hub]'.
For more details on setting the scan chain property, consult the Vivado Debug and Programming User Guide (UG908).
WARNING: [Labtools 27-3403] Dropping logic core with cellname:'design_1_i/system_ila_0/inst/ila_lib' from probes file, since it cannot be found on the programmed device.
refresh_hw_device [lindex [get_hw_devices xc7z020_1] 0]
INFO: [Labtools 27-2302] Device xc7z020 (JTAG device index = 1) is programmed with a design that has 1 ILA core(s).
display_hw_ila_data [ get_hw_ila_data hw_ila_data_1 -of_objects [get_hw_ilas -of_objects [get_hw_devices xc7z020_1] -filter {CELL_NAME=~"design_1_i/system_ila_0/inst/ila_lib"}]]
Processed interface axi_interconnect_0_M00_AXI_ila1_slot0
Processed interface axi_interconnect_3_M00_AXI_ila1_slot1
Processed interface axi_interconnect_2_M00_AXI_ila1_slot2
Processed interface axi_interconnect_4_M00_AXI_ila1_slot3
INFO: [Labtools 27-3304] ILA Waveform data saved to file /home/juju/mem_test_rw_seperate/mem_test_rw_seperate.hw/backup/hw_ila_data_1.ila. Use Tcl command 'import_hw_ila_data' or Vivado File->Import->Import ILA Data menu item to import the previously saved data.
run_hw_ila [get_hw_ilas -of_objects [get_hw_devices xc7z020_1] -filter {CELL_NAME=~"design_1_i/system_ila_0/inst/ila_lib"}]
INFO: [Labtools 27-1964] The ILA core 'hw_ila_1' trigger was armed at 2018-Jun-04 10:39:55
wait_on_hw_ila [get_hw_ilas -of_objects [get_hw_devices xc7z020_1] -filter {CELL_NAME=~"design_1_i/system_ila_0/inst/ila_lib"}]
