#-----------------------------------------------------------
# Vivado v2017.4 (64-bit)
# SW Build 2086221 on Fri Dec 15 20:54:30 MST 2017
# IP Build 2085800 on Fri Dec 15 22:25:07 MST 2017
# Start of session at: Tue Jun  5 16:34:27 2018
# Process ID: 10703
# Current directory: /home/juju/mem_test_rw_seperate
# Command line: vivado
# Log file: /home/juju/mem_test_rw_seperate/vivado.log
# Journal file: /home/juju/mem_test_rw_seperate/vivado.jou
#-----------------------------------------------------------
start_gui
open_project /home/juju/mem_test_rw_seperate/mem_test_rw_seperate.xpr
Scanning sources...
Finished scanning sources
INFO: [IP_Flow 19-234] Refreshing IP repositories
INFO: [IP_Flow 19-1700] Loaded user IP repository '/home/juju/vivado_test/stream_test_ip'.
INFO: [IP_Flow 19-1700] Loaded user IP repository '/home/juju/mem_test_rw_seperate/ip'.
INFO: [IP_Flow 19-2313] Loaded Vivado IP repository '/opt/Xilinx_tools/Vivado/2017.4/data/ip'.
open_project: Time (s): cpu = 00:00:29 ; elapsed = 00:01:12 . Memory (MB): peak = 6259.914 ; gain = 195.430 ; free physical = 151 ; free virtual = 20475
file copy -force /home/juju/mem_test_rw_seperate/mem_test_rw_seperate.runs/impl_1/design_1_wrapper.sysdef /home/juju/mem_test_rw_seperate/mem_test_rw_seperate.sdk/design_1_wrapper.hdf

update_compile_order -fileset sources_1
launch_sdk -workspace /home/juju/mem_test_rw_seperate/mem_test_rw_seperate.sdk -hwspec /home/juju/mem_test_rw_seperate/mem_test_rw_seperate.sdk/design_1_wrapper.hdf
INFO: [Vivado 12-393] Launching SDK...
INFO: [Vivado 12-417] Running xsdk -workspace /home/juju/mem_test_rw_seperate/mem_test_rw_seperate.sdk -hwspec /home/juju/mem_test_rw_seperate/mem_test_rw_seperate.sdk/design_1_wrapper.hdf
INFO: [Vivado 12-3157] SDK launch initiated. Please check console for any further messages.
reset_run impl_1 -prev_step 
launch_runs impl_1 -to_step write_bitstream -jobs 8 -scripts_only
launch_runs: Time (s): cpu = 00:00:02 ; elapsed = 00:00:10 . Memory (MB): peak = 6308.148 ; gain = 19.102 ; free physical = 165 ; free virtual = 20174
exit
INFO: [Common 17-206] Exiting Vivado at Tue Jun  5 17:07:01 2018...
