INFO: [HLS 200-0] Workspace /home/juju/mem_test_rw_seperate/ip/mem_prj/solution1 opened at Thu May 17 12:38:06 BST 2018
Execute     config_clock -quiet -name default -period 800 -default=false 
INFO: [SYN 201-201] Setting up clock 'default' with a period of 800ns.
Command     config_clock returned 0; 0 sec.
Execute     open_platform DefaultPlatform 
Command     open_platform returned 0; 0 sec.
Execute     import_lib /opt/Xilinx_tools/Vivado/2017.4/common/technology/xilinx/zynq/zynq 
Execute       source /opt/Xilinx_tools/Vivado/2017.4/common/technology/xilinx/common/xilinx.lib 
Execute         source /opt/Xilinx_tools/Vivado/2017.4/common/technology/xilinx/interface/xilinx_interface.lib 
Execute           source /opt/Xilinx_tools/Vivado/2017.4/common/technology/xilinx/interface/plb46.lib 
Command           ap_source returned 0; 0 sec.
Execute           source /opt/Xilinx_tools/Vivado/2017.4/common/technology/xilinx/interface/fsl.lib 
Command           ap_source returned 0; 0 sec.
Execute           source /opt/Xilinx_tools/Vivado/2017.4/common/technology/xilinx/interface/axi4.lib 
Command           ap_source returned 0; 0 sec.
Execute           source /opt/Xilinx_tools/Vivado/2017.4/common/technology/xilinx/interface/maxi.lib 
Command           ap_source returned 0; 0 sec.
Execute           source /opt/Xilinx_tools/Vivado/2017.4/common/technology/xilinx/interface/saxilite.lib 
Command           ap_source returned 0; 0 sec.
Command         ap_source returned 0; 0 sec.
Execute         source /opt/Xilinx_tools/Vivado/2017.4/common/technology/xilinx/common/dsp48.lib 
Command         ap_source returned 0; 0 sec.
Execute         source /opt/Xilinx_tools/Vivado/2017.4/common/technology/xilinx/ip/xfir.lib 
Command         ap_source returned 0; 0 sec.
Execute         source /opt/Xilinx_tools/Vivado/2017.4/common/technology/xilinx/ip/dds_compiler.lib 
Command         ap_source returned 0; 0 sec.
Execute         source /opt/Xilinx_tools/Vivado/2017.4/common/technology/xilinx/ip/xfft.lib 
Command         ap_source returned 0; 0 sec.
Command       ap_source returned 0; 0 sec.
Execute       source /opt/Xilinx_tools/Vivado/2017.4/common/technology/xilinx/common/xilinx_old.lib 
Command       ap_source returned 0; 0 sec.
Execute       source /opt/Xilinx_tools/Vivado/2017.4/common/technology/xilinx/common/xilinx_vivado.lib 
Command       ap_source returned 0; 0 sec.
Execute       source /opt/Xilinx_tools/Vivado/2017.4/common/technology/xilinx/common/xilinx.hlp 
Execute         source /opt/Xilinx_tools/Vivado/2017.4/common/technology/xilinx/common/target_info.tcl 
Command         ap_source returned 0; 0 sec.
Execute         source /opt/Xilinx_tools/Vivado/2017.4/common/technology/xilinx/interface/xilinx_interface.hlp 
Execute           source /opt/Xilinx_tools/Vivado/2017.4/common/technology/xilinx/interface/maxi.hlp 
Command           ap_source returned 0; 0 sec.
Execute           source /opt/Xilinx_tools/Vivado/2017.4/common/technology/xilinx/interface/saxilite.hlp 
Command           ap_source returned 0; 0 sec.
Command         ap_source returned 0; 0 sec.
Execute         source /opt/Xilinx_tools/Vivado/2017.4/common/technology/xilinx/common/dsp48.hlp 
Command         ap_source returned 0; 0 sec.
Command       ap_source returned 0; 0 sec.
Execute       source /opt/Xilinx_tools/Vivado/2017.4/common/technology/xilinx/zynq/dsp48e1.hlp 
Command       ap_source returned 0; 0 sec.
Execute       get_default_platform 
Command       get_default_platform returned 0; 0 sec.
Execute       config_chip_info -quiet -resource  {SLICE 13300}  {LUT 53200}     {FF 106400} {DSP48E 220}   {BRAM 280}  
Command       config_chip_info returned 0; 0 sec.
Execute       config_chip_info -quiet -speed medium 
Command       config_chip_info returned 0; 0 sec.
Execute       source /opt/Xilinx_tools/Vivado/2017.4/common/technology/xilinx/common/xilinx.hlp 
Execute         source /opt/Xilinx_tools/Vivado/2017.4/common/technology/xilinx/common/target_info.tcl 
Command         ap_source returned 0; 0 sec.
Execute         source /opt/Xilinx_tools/Vivado/2017.4/common/technology/xilinx/interface/xilinx_interface.hlp 
Execute           source /opt/Xilinx_tools/Vivado/2017.4/common/technology/xilinx/interface/maxi.hlp 
Command           ap_source returned 0; 0 sec.
Execute           source /opt/Xilinx_tools/Vivado/2017.4/common/technology/xilinx/interface/saxilite.hlp 
Command           ap_source returned 0; 0 sec.
Command         ap_source returned 0; 0 sec.
Execute         source /opt/Xilinx_tools/Vivado/2017.4/common/technology/xilinx/common/dsp48.hlp 
Command         ap_source returned 0; 0 sec.
Command       ap_source returned 0; 0 sec.
Command     import_lib returned 0; 0.01 sec.
Execute     source /opt/Xilinx_tools/Vivado/2017.4/common/technology/xilinx/zynq/zynq.gen 
Execute       source /opt/Xilinx_tools/Vivado/2017.4/common/technology/xilinx/common/virtex.gen 
Execute         source /opt/Xilinx_tools/Vivado/2017.4/common/technology/xilinx/common/xilinx.gen 
Execute           source /opt/Xilinx_tools/Vivado/2017.4/common/technology/xilinx/interface/plb46.gen 
Command           ap_source returned 0; 0 sec.
Execute           source /opt/Xilinx_tools/Vivado/2017.4/common/technology/xilinx/interface/fsl.gen 
Command           ap_source returned 0; 0 sec.
Execute           source /opt/Xilinx_tools/Vivado/2017.4/common/technology/xilinx/interface/axi4.gen 
Command           ap_source returned 0; 0 sec.
Execute           source /opt/Xilinx_tools/Vivado/2017.4/common/technology/xilinx/interface/nativeAXI4.gen 
Execute             source /opt/Xilinx_tools/Vivado/2017.4/common/technology/xilinx/interface/saxilite.gen 
Command             ap_source returned 0; 0.01 sec.
Execute             source /opt/Xilinx_tools/Vivado/2017.4/common/technology/xilinx/interface/maxi.gen 
Command             ap_source returned 0; 0 sec.
Command           ap_source returned 0; 0.01 sec.
Execute           source /opt/Xilinx_tools/Vivado/2017.4/common/technology/xilinx/scripts/xilinxcoregen.gen 
Command           ap_source returned 0; 0.01 sec.
Execute           source /opt/Xilinx_tools/Vivado/2017.4/common/technology/xilinx/interface/XilEDKCoreGen.gen 
Command           ap_source returned 0; 0 sec.
Execute           source /opt/Xilinx_tools/Vivado/2017.4/common/technology/xilinx/ip/xfir.gen 
Command           ap_source returned 0; 0 sec.
Execute           source /opt/Xilinx_tools/Vivado/2017.4/common/technology/xilinx/ip/xfft.gen 
Command           ap_source returned 0; 0.07 sec.
Execute           source /opt/Xilinx_tools/Vivado/2017.4/common/technology/xilinx/ip/util.gen 
Command           ap_source returned 0; 0 sec.
Execute           source /opt/Xilinx_tools/Vivado/2017.4/common/technology/xilinx/ip/dds_compiler.gen 
Command           ap_source returned 0; 0 sec.
Command         ap_source returned 0; 0.09 sec.
Execute         source /opt/Xilinx_tools/Vivado/2017.4/common/technology/xilinx/common/dsp48.gen 
Command         ap_source returned 0; 0 sec.
Command       ap_source returned 0; 0.09 sec.
Command     ap_source returned 0; 0.09 sec.
Execute     open_platform DefaultPlatform 
Command     open_platform returned 0; 0 sec.
Execute     import_lib /opt/Xilinx_tools/Vivado/2017.4/common/technology/xilinx/zynq/zynq_fpv6 
Execute       source /opt/Xilinx_tools/Vivado/2017.4/common/technology/xilinx/common/xilinx_fpv7.lib 
Execute         source /opt/Xilinx_tools/Vivado/2017.4/common/technology/xilinx/common/xilinx_hp.lib 
Command         ap_source returned 0; 0 sec.
Command       ap_source returned 0; 0.01 sec.
Execute       source /opt/Xilinx_tools/Vivado/2017.4/common/technology/xilinx/common/xilinx_fpv.hlp 
Execute         source /opt/Xilinx_tools/Vivado/2017.4/common/technology/xilinx/common/xilinx.hlp 
Execute           source /opt/Xilinx_tools/Vivado/2017.4/common/technology/xilinx/common/target_info.tcl 
Command           ap_source returned 0; 0.01 sec.
Execute           source /opt/Xilinx_tools/Vivado/2017.4/common/technology/xilinx/interface/xilinx_interface.hlp 
Execute             source /opt/Xilinx_tools/Vivado/2017.4/common/technology/xilinx/interface/maxi.hlp 
Command             ap_source returned 0; 0 sec.
Execute             source /opt/Xilinx_tools/Vivado/2017.4/common/technology/xilinx/interface/saxilite.hlp 
Command             ap_source returned 0; 0 sec.
Command           ap_source returned 0; 0 sec.
Execute           source /opt/Xilinx_tools/Vivado/2017.4/common/technology/xilinx/common/dsp48.hlp 
Command           ap_source returned 0; 0 sec.
Command         ap_source returned 0; 0.01 sec.
Command       ap_source returned 0; 0.01 sec.
Execute       source /opt/Xilinx_tools/Vivado/2017.4/common/technology/xilinx/zynq/zynq_hp.hlp 
Command       ap_source returned 0; 0 sec.
Command     import_lib returned 0; 0.02 sec.
Execute     source /opt/Xilinx_tools/Vivado/2017.4/common/technology/xilinx/zynq/zynq_fpv6.gen 
Execute       source /opt/Xilinx_tools/Vivado/2017.4/common/technology/xilinx/common/xilinx_fpv6.gen 
Command       ap_source returned 0; 0 sec.
Command     ap_source returned 0; 0 sec.
Execute     set_part xc7z020clg484-1 
Execute       add_library xilinx/zynq/zynq:xc7z020:clg484:-1 
Execute         get_default_platform 
Command         get_default_platform returned 0; 0 sec.
Execute         license_isbetapart xc7z020 
Command         license_isbetapart returned 1; 0.04 sec.
Execute         get_default_platform 
Command         get_default_platform returned 0; 0 sec.
Execute         config_chip_info -quiet -resource  {SLICE 13300}  {LUT 53200}     {FF 106400} {DSP48E 220}   {BRAM 280}  
Command         config_chip_info returned 0; 0 sec.
Execute         config_chip_info -quiet -speed slow 
Command         config_chip_info returned 0; 0 sec.
Command       add_library returned 0; 0.04 sec.
Execute       add_library xilinx/zynq/zynq_fpv6 
Execute         get_default_platform 
Command         get_default_platform returned 0; 0 sec.
Execute         open_platform DefaultPlatform 
Command         open_platform returned 0; 0 sec.
Execute         import_lib /opt/Xilinx_tools/Vivado/2017.4/common/technology/xilinx/zynq/zynq_fpv6 
Execute           source /opt/Xilinx_tools/Vivado/2017.4/common/technology/xilinx/common/xilinx_fpv7.lib 
Execute             source /opt/Xilinx_tools/Vivado/2017.4/common/technology/xilinx/common/xilinx_hp.lib 
Command             ap_source returned 0; 0.01 sec.
Command           ap_source returned 0; 0.01 sec.
Execute           source /opt/Xilinx_tools/Vivado/2017.4/common/technology/xilinx/common/xilinx_fpv.hlp 
Execute             source /opt/Xilinx_tools/Vivado/2017.4/common/technology/xilinx/common/xilinx.hlp 
Execute               source /opt/Xilinx_tools/Vivado/2017.4/common/technology/xilinx/common/target_info.tcl 
Command               ap_source returned 0; 0 sec.
Execute               source /opt/Xilinx_tools/Vivado/2017.4/common/technology/xilinx/interface/xilinx_interface.hlp 
Execute                 source /opt/Xilinx_tools/Vivado/2017.4/common/technology/xilinx/interface/maxi.hlp 
Command                 ap_source returned 0; 0 sec.
Execute                 source /opt/Xilinx_tools/Vivado/2017.4/common/technology/xilinx/interface/saxilite.hlp 
Command                 ap_source returned 0; 0 sec.
Command               ap_source returned 0; 0 sec.
Execute               source /opt/Xilinx_tools/Vivado/2017.4/common/technology/xilinx/common/dsp48.hlp 
Command               ap_source returned 0; 0 sec.
Command             ap_source returned 0; 0 sec.
Command           ap_source returned 0; 0.01 sec.
Execute           source /opt/Xilinx_tools/Vivado/2017.4/common/technology/xilinx/zynq/zynq_hp.hlp 
Command           ap_source returned 0; 0 sec.
Command         import_lib returned 0; 0.02 sec.
Execute         source /opt/Xilinx_tools/Vivado/2017.4/common/technology/xilinx/zynq/zynq_fpv6.gen 
Execute           source /opt/Xilinx_tools/Vivado/2017.4/common/technology/xilinx/common/xilinx_fpv6.gen 
Command           ap_source returned 0; 0 sec.
Command         ap_source returned 0; 0 sec.
Command       add_library returned 0; 0.02 sec.
INFO: [HLS 200-10] Setting target device to 'xc7z020clg484-1'
Execute       get_default_platform 
Command       get_default_platform returned 0; 0 sec.
Command     set_part returned 0; 0.09 sec.
Execute     get_default_platform 
Command     get_default_platform returned 0; 0 sec.
Execute     config_chip_info -quiet -resource  {SLICE 13300}  {LUT 53200}     {FF 106400} {DSP48E 220}   {BRAM 280}  
Command     config_chip_info returned 0; 0 sec.
Execute     config_chip_info -quiet -speed slow 
Command     config_chip_info returned 0; 0 sec.
Command   open_solution returned 0; 0.26 sec.
Execute   set_part xc7z020clg484-1 
Execute     add_library xilinx/zynq/zynq:xc7z020:clg484:-1 
Execute       get_default_platform 
Command       get_default_platform returned 0; 0 sec.
Execute       license_isbetapart xc7z020 
Command       license_isbetapart returned 1; 0 sec.
Execute       get_default_platform 
Command       get_default_platform returned 0; 0 sec.
Execute       config_chip_info -quiet -resource  {SLICE 13300}  {LUT 53200}     {FF 106400} {DSP48E 220}   {BRAM 280}  
Command       config_chip_info returned 0; 0 sec.
Execute       config_chip_info -quiet -speed slow 
Command       config_chip_info returned 0; 0 sec.
Command     add_library returned 0; 0 sec.
Execute     add_library xilinx/zynq/zynq_fpv6 
Execute       get_default_platform 
Command       get_default_platform returned 0; 0 sec.
Execute       open_platform DefaultPlatform 
Command       open_platform returned 0; 0 sec.
Execute       import_lib /opt/Xilinx_tools/Vivado/2017.4/common/technology/xilinx/zynq/zynq_fpv6 
Execute         source /opt/Xilinx_tools/Vivado/2017.4/common/technology/xilinx/common/xilinx_fpv7.lib 
Execute           source /opt/Xilinx_tools/Vivado/2017.4/common/technology/xilinx/common/xilinx_hp.lib 
Command           ap_source returned 0; 0 sec.
Command         ap_source returned 0; 0 sec.
Execute         source /opt/Xilinx_tools/Vivado/2017.4/common/technology/xilinx/common/xilinx_fpv.hlp 
Execute           source /opt/Xilinx_tools/Vivado/2017.4/common/technology/xilinx/common/xilinx.hlp 
Execute             source /opt/Xilinx_tools/Vivado/2017.4/common/technology/xilinx/common/target_info.tcl 
Command             ap_source returned 0; 0 sec.
Execute             source /opt/Xilinx_tools/Vivado/2017.4/common/technology/xilinx/interface/xilinx_interface.hlp 
Execute               source /opt/Xilinx_tools/Vivado/2017.4/common/technology/xilinx/interface/maxi.hlp 
Command               ap_source returned 0; 0 sec.
Execute               source /opt/Xilinx_tools/Vivado/2017.4/common/technology/xilinx/interface/saxilite.hlp 
Command               ap_source returned 0; 0 sec.
Command             ap_source returned 0; 0 sec.
Execute             source /opt/Xilinx_tools/Vivado/2017.4/common/technology/xilinx/common/dsp48.hlp 
Command             ap_source returned 0; 0 sec.
Command           ap_source returned 0; 0 sec.
Command         ap_source returned 0; 0 sec.
Execute         source /opt/Xilinx_tools/Vivado/2017.4/common/technology/xilinx/zynq/zynq_hp.hlp 
Command         ap_source returned 0; 0 sec.
Command       import_lib returned 0; 0.01 sec.
Execute       source /opt/Xilinx_tools/Vivado/2017.4/common/technology/xilinx/zynq/zynq_fpv6.gen 
Execute         source /opt/Xilinx_tools/Vivado/2017.4/common/technology/xilinx/common/xilinx_fpv6.gen 
Command         ap_source returned 0; 0.01 sec.
Command       ap_source returned 0; 0.01 sec.
Command     add_library returned 0; 0.02 sec.
Execute     get_default_platform 
Command     get_default_platform returned 0; 0 sec.
Command   set_part returned 0; 0.05 sec.
Execute   create_clock -period 800 -name default 
Command   create_clock returned 0; 0 sec.
Execute   csynth_design 
Execute     elaborate -effort=medium -skip_syncheck=0 -keep_printf=0 -lm=0 -skip_cdt=0 -skip_transform=0 -VP9_rom_infer_simplify=0 -ng=0 -g=0 -opt_fp=0 -enable_clang39=0 
INFO: [HLS 200-10] Analyzing design file 'mem.cpp' ...
INFO: [HLS 200-0] Compiling one TU...
Execute       is_m_axi_addr64 
Command       is_m_axi_addr64 returned 0; 0 sec.
INFO: [HLS 200-0] Handling mem.cpp as C++
Execute       get_default_platform 
Command       get_default_platform returned 0; 0 sec.
Execute       is_encrypted mem.cpp 
Command       is_encrypted returned 0; 0 sec.
Execute       get_default_platform 
Command       get_default_platform returned 0; 0 sec.
INFO: [HLS 200-0] Source preprocessing
Execute       clang  -fno-limit-debug-info -gcc-toolchain "/opt/Xilinx_tools/Vivado/2017.4/lnx64/tools/gcc" -hls  -fno-exceptions  -D__llvm__  -E "mem.cpp"     -fno-math-errno -c -emit-llvm -O0  -mllvm -disable-llvm-optzns -fno-threadsafe-statics  -fno-use-cxa-atexit  -fno-threadsafe-statics -fno-use-cxa-atexit -D__CLANG_3_1__ -DAESL_SYN -D__SYNTHESIS__ -D__HLS_SYN__ -I "/opt/Xilinx_tools/Vivado/2017.4/common/technology/autopilot" -I "/opt/Xilinx_tools/Vivado/2017.4/common/technology/autopilot/ap_sysc" -include etc/autopilot_ssdm_op.h -D__DSP48E1__  -o "/home/juju/mem_test_rw_seperate/ip/mem_prj/solution1/.autopilot/db/mem.pp.0.cpp" 
INFO: [HLS 200-0] exec clang -fno-limit-debug-info -gcc-toolchain /opt/Xilinx_tools/Vivado/2017.4/lnx64/tools/gcc -hls -fno-exceptions -D__llvm__ -E mem.cpp -fno-math-errno -c -emit-llvm -O0 -mllvm -disable-llvm-optzns -fno-threadsafe-statics -fno-use-cxa-atexit -fno-threadsafe-statics -fno-use-cxa-atexit -D__CLANG_3_1__ -DAESL_SYN -D__SYNTHESIS__ -D__HLS_SYN__ -I /opt/Xilinx_tools/Vivado/2017.4/common/technology/autopilot -I /opt/Xilinx_tools/Vivado/2017.4/common/technology/autopilot/ap_sysc -include etc/autopilot_ssdm_op.h -D__DSP48E1__ -o /home/juju/mem_test_rw_seperate/ip/mem_prj/solution1/.autopilot/db/mem.pp.0.cpp
Command       clang returned 0; 0.79 sec.
INFO: [HLS 200-0] Syntax Checking before pre-processing...
Execute       clang  -fno-limit-debug-info -gcc-toolchain "/opt/Xilinx_tools/Vivado/2017.4/lnx64/tools/gcc" -hls    -fno-math-errno -c -emit-llvm -O0  -mllvm -disable-llvm-optzns -fno-threadsafe-statics  -fno-use-cxa-atexit  -fno-threadsafe-statics -fno-use-cxa-atexit -D__CLANG_3_1__ -DAESL_SYN -D__SYNTHESIS__ -D__HLS_SYN__ -I "/opt/Xilinx_tools/Vivado/2017.4/common/technology/autopilot" -I "/opt/Xilinx_tools/Vivado/2017.4/common/technology/autopilot/ap_sysc" -include etc/autopilot_ssdm_op.h -D__DSP48E1__  "/home/juju/mem_test_rw_seperate/ip/mem_prj/solution1/.autopilot/db/mem.pp.0.cpp"  -o "/home/juju/mem_test_rw_seperate/ip/mem_prj/solution1/.autopilot/db/useless.bc"  
INFO: [HLS 200-0] exec clang -fno-limit-debug-info -gcc-toolchain /opt/Xilinx_tools/Vivado/2017.4/lnx64/tools/gcc -hls -fno-math-errno -c -emit-llvm -O0 -mllvm -disable-llvm-optzns -fno-threadsafe-statics -fno-use-cxa-atexit -fno-threadsafe-statics -fno-use-cxa-atexit -D__CLANG_3_1__ -DAESL_SYN -D__SYNTHESIS__ -D__HLS_SYN__ -I /opt/Xilinx_tools/Vivado/2017.4/common/technology/autopilot -I /opt/Xilinx_tools/Vivado/2017.4/common/technology/autopilot/ap_sysc -include etc/autopilot_ssdm_op.h -D__DSP48E1__ /home/juju/mem_test_rw_seperate/ip/mem_prj/solution1/.autopilot/db/mem.pp.0.cpp -o /home/juju/mem_test_rw_seperate/ip/mem_prj/solution1/.autopilot/db/useless.bc
Command       clang returned 0; 2.7 sec.
INFO: [HLS 200-0] GCC PP time: 3 seconds per iteration
Execute       list_core -type functional_unit 
Command       list_core returned 0; 0 sec.
INFO: [HLS 200-0] CDT Preprocessing...
INFO: [HLS 200-0] Marker-Pragma convertor: /home/juju/mem_test_rw_seperate/ip/mem_prj/solution1/.autopilot/db/mem.pp.0.cpp /home/juju/mem_test_rw_seperate/ip/mem_prj/solution1/.autopilot/db/mem.pp.0.cpp.ap-line.cpp /home/juju/mem_test_rw_seperate/ip/mem_prj/solution1/.autopilot/db/mem.pp.0.cpp.ap-line.cpp.CXX 1
INFO: [HLS 200-0] Converting Markers to Pragmas...
Execute       cdt  "/home/juju/mem_test_rw_seperate/ip/mem_prj/solution1/.autopilot/db/mem.pp.0.cpp.ap-line.cpp"  -m "mem_hw" -o "/home/juju/mem_test_rw_seperate/ip/mem_prj/solution1/.autopilot/db/mem.pp.0.cpp.ap-cdt.cpp" --pp --directive /home/juju/mem_test_rw_seperate/ip/mem_prj/solution1/solution1.directive --source /home/juju/mem_test_rw_seperate/ip/mem.cpp --error /home/juju/mem_test_rw_seperate/ip/mem_prj/solution1/.autopilot/db --funcunit "AddSub AddSub_DSP AddSubnS DAddSub_fulldsp DAddSub_nodsp DDiv DExp_fulldsp DExp_meddsp DExp_nodsp DLog_fulldsp DLog_meddsp DLog_nodsp DMul_fulldsp DMul_maxdsp DMul_meddsp DMul_nodsp DRSqrt DRecip DSP_Double_Pump_Mac16 DSP_Double_Pump_Mac8 DSP_Macro DSqrt DivnS FAddSub_fulldsp FAddSub_nodsp FDiv FExp_fulldsp FExp_meddsp FExp_nodsp FLog_fulldsp FLog_meddsp FLog_nodsp FMul_fulldsp FMul_maxdsp FMul_meddsp FMul_nodsp FRSqrt_fulldsp FRSqrt_nodsp FRecip_fulldsp FRecip_nodsp FSqrt HAddSub_fulldsp HAddSub_meddsp HAddSub_nodsp HDiv HMul_fulldsp HMul_maxdsp HMul_nodsp HSqrt Mul Mul2S Mul3S Mul4S Mul5S Mul6S Mul_LUT MulnS MuxnS" --ve --vetcl /home/juju/mem_test_rw_seperate/ip/mem_prj/solution1/.autopilot/db --ca --es --gf --pd --p2d /home/juju/mem_test_rw_seperate/ip/mem_prj/solution1/.autopilot/db --sd --scff /home/juju/mem_test_rw_seperate/ip/mem_prj/solution1/.autopilot/db/.systemc_flag --ad 
INFO: [HLS 200-0] Error:Syntax error in source:for (__decltype(__n + 0) __niter = __n;
Error:Missing ; in source:t
Error:Syntax error in source:)
 *__first = __value;
Error:Syntax error in source:for (__decltype(__n + 0) __niter = __n;
Error:Missing ; in source:t
Error:Syntax error in source:)
 *__first = __tmp;
Command       cdt returned 0; 11.92 sec.
INFO: [HLS 200-0] Marker-Pragma convertor: /home/juju/mem_test_rw_seperate/ip/mem_prj/solution1/.autopilot/db/mem.pp.0.cpp.ap-cdt.cpp /home/juju/mem_test_rw_seperate/ip/mem_prj/solution1/.autopilot/db/mem.pragma.0.cpp /home/juju/mem_test_rw_seperate/ip/mem_prj/solution1/.autopilot/db/mem.pragma.0.cpp.ap-line.CXX 0
INFO: [HLS 200-0] Converting Pragmas to Markers...
Execute       source /home/juju/mem_test_rw_seperate/ip/mem_prj/solution1/.autopilot/db/pragma.status.tcl 
Command       ap_source returned 0; 0 sec.
INFO: [HLS 200-0] Pragma Handling...
INFO: [HLS 200-0] Source preprocessing
Execute       clang  -fno-limit-debug-info -gcc-toolchain "/opt/Xilinx_tools/Vivado/2017.4/lnx64/tools/gcc" -hls  -fno-exceptions  -D__llvm__  -E "/home/juju/mem_test_rw_seperate/ip/mem_prj/solution1/.autopilot/db/mem.pragma.1.cpp"     -fno-math-errno -c -emit-llvm -O0  -mllvm -disable-llvm-optzns -fno-threadsafe-statics  -fno-use-cxa-atexit  -fno-threadsafe-statics -fno-use-cxa-atexit -D__CLANG_3_1__ -DAESL_SYN -D__SYNTHESIS__ -D__HLS_SYN__ -I "/opt/Xilinx_tools/Vivado/2017.4/common/technology/autopilot" -I "/opt/Xilinx_tools/Vivado/2017.4/common/technology/autopilot/ap_sysc" -include etc/autopilot_ssdm_op.h -D__DSP48E1__  -o "/home/juju/mem_test_rw_seperate/ip/mem_prj/solution1/.autopilot/db/mem.pragma.2.cpp" 
INFO: [HLS 200-0] exec clang -fno-limit-debug-info -gcc-toolchain /opt/Xilinx_tools/Vivado/2017.4/lnx64/tools/gcc -hls -fno-exceptions -D__llvm__ -E /home/juju/mem_test_rw_seperate/ip/mem_prj/solution1/.autopilot/db/mem.pragma.1.cpp -fno-math-errno -c -emit-llvm -O0 -mllvm -disable-llvm-optzns -fno-threadsafe-statics -fno-use-cxa-atexit -fno-threadsafe-statics -fno-use-cxa-atexit -D__CLANG_3_1__ -DAESL_SYN -D__SYNTHESIS__ -D__HLS_SYN__ -I /opt/Xilinx_tools/Vivado/2017.4/common/technology/autopilot -I /opt/Xilinx_tools/Vivado/2017.4/common/technology/autopilot/ap_sysc -include etc/autopilot_ssdm_op.h -D__DSP48E1__ -o /home/juju/mem_test_rw_seperate/ip/mem_prj/solution1/.autopilot/db/mem.pragma.2.cpp
Command       clang returned 0; 0.86 sec.
Execute       get_default_platform 
Command       get_default_platform returned 0; 0 sec.
INFO: [HLS 200-0] Processing labels
Execute       clang  -fno-limit-debug-info -gcc-toolchain /opt/Xilinx_tools/Vivado/2017.4/lnx64/tools/gcc -hls -hls-analyze-label -hls-analyze-pragma -fno-exceptions  -D__llvm__  -w  "/home/juju/mem_test_rw_seperate/ip/mem_prj/solution1/.autopilot/db/mem.pragma.2.cpp"    -fno-math-errno -c -emit-llvm -O0  -mllvm -disable-llvm-optzns -fno-threadsafe-statics  -fno-use-cxa-atexit -DAESL_SYN -D__SYNTHESIS__ -D__HLS_SYN__ -I "/opt/Xilinx_tools/Vivado/2017.4/common/technology/autopilot" -I "/opt/Xilinx_tools/Vivado/2017.4/common/technology/autopilot/ap_sysc" -include etc/autopilot_ssdm_op.h -D__DSP48E1__ -g -o "/home/juju/mem_test_rw_seperate/ip/mem_prj/solution1/.autopilot/db/mem.g.bc" 
INFO: [HLS 200-0] exec clang -fno-limit-debug-info -gcc-toolchain /opt/Xilinx_tools/Vivado/2017.4/lnx64/tools/gcc -hls -hls-analyze-label -hls-analyze-pragma -fno-exceptions -D__llvm__ -w /home/juju/mem_test_rw_seperate/ip/mem_prj/solution1/.autopilot/db/mem.pragma.2.cpp -fno-math-errno -c -emit-llvm -O0 -mllvm -disable-llvm-optzns -fno-threadsafe-statics -fno-use-cxa-atexit -DAESL_SYN -D__SYNTHESIS__ -D__HLS_SYN__ -I /opt/Xilinx_tools/Vivado/2017.4/common/technology/autopilot -I /opt/Xilinx_tools/Vivado/2017.4/common/technology/autopilot/ap_sysc -include etc/autopilot_ssdm_op.h -D__DSP48E1__ -g -o /home/juju/mem_test_rw_seperate/ip/mem_prj/solution1/.autopilot/db/mem.g.bc
Command       clang returned 0; 2.88 sec.
Execute       source /home/juju/mem_test_rw_seperate/ip/mem_prj/solution1/.autopilot/db/ve_warning.tcl 
Command       ap_source returned 0; 0 sec.
INFO: [HLS 200-10] Validating synthesis directives ...
Execute       source /home/juju/mem_test_rw_seperate/ip/mem_prj/solution1/.autopilot/db/pragma.status.tcl 
Command       ap_source returned 0; 0 sec.
WARNING: [HLS 200-40] Directive 'RESOURCE' for core 'ROM_1P_LUTRAM' cannot be applied: Variable 'second_order_float::sin_cos_K0' can not be recognized(UNKNOWN VARIABLE) in 'sin_or_cos_approximation'.
WARNING: [HLS 200-40] Directive 'RESOURCE' for core 'ROM_1P_LUTRAM' cannot be applied: Variable 'fourth_order_double::sin_cos_K3' can not be recognized(UNKNOWN VARIABLE) in 'sin_or_cos_approximation'.
WARNING: [HLS 200-40] Directive 'RESOURCE' for core 'ROM_1P_LUTRAM' cannot be applied: Variable 'fourth_order_double::sin_cos_K2' can not be recognized(UNKNOWN VARIABLE) in 'sin_or_cos_approximation'.
WARNING: [HLS 200-40] Directive 'RESOURCE' for core 'ROM_1P_LUTRAM' cannot be applied: Variable 'fourth_order_double::cos_K3' can not be recognized(UNKNOWN VARIABLE) in 'sincos_approximation'.
WARNING: [HLS 200-40] Directive 'RESOURCE' for core 'ROM_1P_LUTRAM' cannot be applied: Variable 'fourth_order_double::cos_K2' can not be recognized(UNKNOWN VARIABLE) in 'sincos_approximation'.
WARNING: [HLS 200-40] Directive 'RESOURCE' for core 'ROM_1P_LUTRAM' cannot be applied: Variable 'fourth_order_double::cos_K4' can not be recognized(UNKNOWN VARIABLE) in 'sincos_approximation'.
WARNING: [HLS 200-40] Directive 'RESOURCE' for core 'ROM_1P_LUTRAM' cannot be applied: Variable 'fourth_order_double::sin_K4' can not be recognized(UNKNOWN VARIABLE) in 'sincos_approximation'.
WARNING: [HLS 200-40] Directive 'RESOURCE' for core 'ROM_1P_LUTRAM' cannot be applied: Variable 'second_order_float::sin_cos_K2' can not be recognized(UNKNOWN VARIABLE) in 'sin_or_cos_approximation'.
WARNING: [HLS 200-40] Directive 'RESOURCE' for core 'ROM_1P_LUTRAM' cannot be applied: Variable 'fourth_order_double::sin_K3' can not be recognized(UNKNOWN VARIABLE) in 'sincos_approximation'.
WARNING: [HLS 200-40] Directive 'RESOURCE' for core 'ROM_1P_LUTRAM' cannot be applied: Variable 'fourth_order_double::sin_K2' can not be recognized(UNKNOWN VARIABLE) in 'sincos_approximation'.
WARNING: [HLS 200-40] Directive 'RESOURCE' for core 'ROM_1P_LUTRAM' cannot be applied: Variable 'second_order_float::sin_K1' can not be recognized(UNKNOWN VARIABLE) in 'sincos_approximation'.
WARNING: [HLS 200-40] Directive 'RESOURCE' for core 'ROM_1P_LUTRAM' cannot be applied: Variable 'fourth_order_double::sin_K1' can not be recognized(UNKNOWN VARIABLE) in 'sincos_approximation'.
WARNING: [HLS 200-40] Directive 'RESOURCE' for core 'ROM_1P_LUTRAM' cannot be applied: Variable 'second_order_float::cos_K2' can not be recognized(UNKNOWN VARIABLE) in 'sincos_approximation'.
WARNING: [HLS 200-40] Directive 'RESOURCE' for core 'ROM_1P_LUTRAM' cannot be applied: Variable 'fourth_order_double::cos_K0' can not be recognized(UNKNOWN VARIABLE) in 'sincos_approximation'.
WARNING: [HLS 200-40] Directive 'RESOURCE' for core 'ROM_1P_LUTRAM' cannot be applied: Variable 'second_order_float::sin_cos_K1' can not be recognized(UNKNOWN VARIABLE) in 'sin_or_cos_approximation'.
WARNING: [HLS 200-40] Directive 'RESOURCE' for core 'ROM_1P_LUTRAM' cannot be applied: Variable 'second_order_float::cos_K0' can not be recognized(UNKNOWN VARIABLE) in 'sincos_approximation'.
WARNING: [HLS 200-40] Directive 'RESOURCE' for core 'ROM_1P_LUTRAM' cannot be applied: Variable 'fourth_order_double::sin_cos_K4' can not be recognized(UNKNOWN VARIABLE) in 'sin_or_cos_approximation'.
WARNING: [HLS 200-40] Directive 'RESOURCE' for core 'ROM_1P_LUTRAM' cannot be applied: Variable 'second_order_float::cos_K1' can not be recognized(UNKNOWN VARIABLE) in 'sincos_approximation'.
WARNING: [HLS 200-40] Directive 'RESOURCE' for core 'ROM_1P_LUTRAM' cannot be applied: Variable 'fourth_order_double::sin_cos_K1' can not be recognized(UNKNOWN VARIABLE) in 'sin_or_cos_approximation'.
WARNING: [HLS 200-40] Directive 'RESOURCE' for core 'ROM_1P_LUTRAM' cannot be applied: Variable 'second_order_float::sin_K0' can not be recognized(UNKNOWN VARIABLE) in 'sincos_approximation'.
WARNING: [HLS 200-40] Directive 'RESOURCE' for core 'ROM_1P_LUTRAM' cannot be applied: Variable 'fourth_order_double::sin_cos_K0' can not be recognized(UNKNOWN VARIABLE) in 'sin_or_cos_approximation'.
WARNING: [HLS 200-40] Directive 'RESOURCE' for core 'ROM_1P_LUTRAM' cannot be applied: Variable 'first_order_fixed_16::sin_cos_K0' can not be recognized(UNKNOWN VARIABLE) in 'sin_or_cos_approximation'.
WARNING: [HLS 200-40] Directive 'RESOURCE' for core 'ROM_1P_LUTRAM' cannot be applied: Variable 'fourth_order_double::cos_K1' can not be recognized(UNKNOWN VARIABLE) in 'sincos_approximation'.
WARNING: [HLS 200-40] Directive 'RESOURCE' for core 'ROM_1P_LUTRAM' cannot be applied: Variable 'fourth_order_double::sin_K0' can not be recognized(UNKNOWN VARIABLE) in 'sincos_approximation'.
WARNING: [HLS 200-40] Directive 'RESOURCE' for core 'ROM_1P_LUTRAM' cannot be applied: Variable 'second_order_float::sin_K2' can not be recognized(UNKNOWN VARIABLE) in 'sincos_approximation'.
WARNING: [HLS 200-40] Directive 'RESOURCE' for core 'ROM_1P_LUTRAM' cannot be applied: Variable 'first_order_fixed_16::sin_cos_K1' can not be recognized(UNKNOWN VARIABLE) in 'sin_or_cos_approximation'.
INFO: [HLS 200-111] Finished Checking Pragmas Time (s): cpu = 00:00:39 ; elapsed = 00:00:21 . Memory (MB): peak = 366.852 ; gain = 13.375 ; free physical = 495 ; free virtual = 15480
INFO: [HLS 200-0] Linking Release ...
Execute       llvm-ld /home/juju/mem_test_rw_seperate/ip/mem_prj/solution1/.autopilot/db/mem.bc -hls-opt -except-internalize mem_hw -L/opt/Xilinx_tools/Vivado/2017.4/lnx64/lib -lm_basic -lhlsmc++ -lhlsm -o /home/juju/mem_test_rw_seperate/ip/mem_prj/solution1/.autopilot/db/a.o 
Command       llvm-ld returned 0; 0.75 sec.
Execute       disassemble /home/juju/mem_test_rw_seperate/ip/mem_prj/solution1/.autopilot/db/a.o /home/juju/mem_test_rw_seperate/ip/mem_prj/solution1/.autopilot/db/a.o 
Execute         is_encrypted /home/juju/mem_test_rw_seperate/ip/mem_prj/solution1/.autopilot/db/a.o.bc 
Command         is_encrypted returned 0; 0 sec.
Command       disassemble returned 0; 0.46 sec.
INFO: [HLS 200-0] Disassemble time: 0 seconds per iteration
INFO: [HLS 200-0] Linking Debug ...
Execute       llvm-ld /home/juju/mem_test_rw_seperate/ip/mem_prj/solution1/.autopilot/db/mem.g.bc -hls-opt -except-internalize mem_hw -L/opt/Xilinx_tools/Vivado/2017.4/lnx64/lib -lm_basic -lhlsmc++ -lhlsm -o /home/juju/mem_test_rw_seperate/ip/mem_prj/solution1/.autopilot/db/a.g 
Command       llvm-ld returned 0; 0.47 sec.
INFO: [HLS 200-0] Disassemble time: 0 seconds per iteration
INFO: [HLS 200-111] Finished Linking Time (s): cpu = 00:00:40 ; elapsed = 00:00:23 . Memory (MB): peak = 366.852 ; gain = 13.375 ; free physical = 490 ; free virtual = 15479
Execute       ::config_rtl 
Command       config_rtl returned 0; 0 sec.
Execute       opt_and_import_c a -opt_level=2 -skip_syncheck=0 -ng=0 -keep_printf=0 -enable_clang39=0 -VP9_rom_infer_simplify=0 
Execute         cleanup_all_models 
Command         cleanup_all_models returned 0; 0 sec.
INFO: [HLS 200-10] Starting code transformations ...
Execute         transform -promote-dbg-pointer /home/juju/mem_test_rw_seperate/ip/mem_prj/solution1/.autopilot/db/a.pp.bc -o /home/juju/mem_test_rw_seperate/ip/mem_prj/solution1/.autopilot/db/a.pp.0.bc -f 
Command         transform returned 0; 0.2 sec.
Execute         llvm-ld /home/juju/mem_test_rw_seperate/ip/mem_prj/solution1/.autopilot/db/a.pp.0.bc -disable-opt -L/opt/Xilinx_tools/Vivado/2017.4/lnx64/lib -lfloatconversion -o /home/juju/mem_test_rw_seperate/ip/mem_prj/solution1/.autopilot/db/a.g.0 
Command         llvm-ld returned 0; 0.48 sec.
INFO: [HLS 200-0] Running Standard Transforms...
Execute         transform -hls -share-std-xform -demangle-name -inline-byval-memcpy -always-inline -promote-dbg-pointer -interface-preproc -scalarrepl -mem2reg -keep-read-access -instcombine -dce -promote-dbg-pointer -bitop-raise -loop-simplify -indvarspre -indvars -loop-simplify -xunroll -constprop -instcombine -simplifycfg -indvars -simplifycfg -dce -globaldce -basicaa -simplifycfg -mem2reg -globalopt -global-constprop -deadargelim -instcombine -simplifycfg -prune-eh -simplifycfg -scalarrepl -instcombine -reassociate -licm -simplifycfg -loop-simplify -indvars -instcombine -simplifycfg -mem2reg -loop-simplify -indvars -instcombine -gvn -gvn -instcombine -adce -break-crit-edges -simplifycfg -loop-delete -global-array-opt -dce -dse -adce -find-syn-modules -top mem_hw -deadargelim -mem2reg -instcombine -dce -presyn-prepare -auto-rom-infer -interface-preproc -syn-check -check-rec-only -find-region -simplifycfg -func-extr -function-inline -globaldce -mem2reg -instcombine -dce -gvn -globaldce -adce -adse -constprop -instcombine -bit-constprop -instcombine -dce -simplifycfg -bitop-raise -simplifycfg -dce -loop-delete -reassociate -globalopt -global-privatize -mem2reg -dce -global-constprop -pointer-simplify -constprop -dce -func-inst -deadargelim -auto-shift-reg-idiom -promote-dbg-pointer -norm-name /home/juju/mem_test_rw_seperate/ip/mem_prj/solution1/.autopilot/db/a.g.0.bc -o /home/juju/mem_test_rw_seperate/ip/mem_prj/solution1/.autopilot/db/a.g.1.bc -f -phase std-opt 
Command         transform returned 0; 0.16 sec.
Execute         disassemble /home/juju/mem_test_rw_seperate/ip/mem_prj/solution1/.autopilot/db/a.g.1 /home/juju/mem_test_rw_seperate/ip/mem_prj/solution1/.autopilot/db/a.g.1 
Execute           is_encrypted /home/juju/mem_test_rw_seperate/ip/mem_prj/solution1/.autopilot/db/a.g.1.bc 
Command           is_encrypted returned 0; 0 sec.
Command         disassemble returned 0; 0.42 sec.
INFO: [HLS 200-111] Finished Standard Transforms Time (s): cpu = 00:00:41 ; elapsed = 00:00:24 . Memory (MB): peak = 494.848 ; gain = 141.371 ; free physical = 462 ; free virtual = 15462
INFO: [HLS 200-10] Checking synthesizability ...
INFO: [HLS 200-0] Checking Synthesizability 1/2..
Execute         transform -hls -syn-check -check-rec-only -disaggr -scalarrepl -norm-name -dce -mem2reg -instcombine -function-uniquify -directive-preproc -mem2reg -dse -dce -auto-rom-infer -dce -array-normalize -instcombine -dce -warn-fifo-pointer -array-seg-normalize -instcombine -dce -array-flatten -instcombine -dce -array-burst -dce -deadargelim -promote-global-argument -simplifycfg -mem2reg -globaldce -resolve-double-ptr -dce -deadargelim -dce -instcombine -function-inline -globaldce -dce -doublePtrSimplify -doublePtrElim -dce -doublePtrSimplify -promote-dbg-pointer -dce -scalarrepl -dse -adse -instcombine -ptrLegalization -simplifycfg -dce -instcombine -pointer-simplify -ptrArgReplace -dce -instcombine -disaggr -scalarrepl -norm-name -dce -mem2reg -instcombine -ptrLegalization -simplifycfg -deadargelim -instcombine -dce -inst-simplify -function-uniquify -directive-preproc -mem2reg -dse -dce -globaldce /home/juju/mem_test_rw_seperate/ip/mem_prj/solution1/.autopilot/db/a.g.1.bc -o /home/juju/mem_test_rw_seperate/ip/mem_prj/solution1/.autopilot/db/a.g.2.prechk.bc -f 
Command         transform returned 0; 0.12 sec.
INFO: [HLS 200-0] Checking Synthesizability 2/2..
Execute         transform -syn-check /home/juju/mem_test_rw_seperate/ip/mem_prj/solution1/.autopilot/db/a.g.2.prechk.bc -o /home/juju/mem_test_rw_seperate/ip/mem_prj/solution1/.autopilot/db/a.g.2.bc -f -phase syn-check 
Command         transform returned 0; 0.06 sec.
INFO: [HLS 200-111] Finished Checking Synthesizability Time (s): cpu = 00:00:41 ; elapsed = 00:00:24 . Memory (MB): peak = 495.586 ; gain = 142.109 ; free physical = 446 ; free virtual = 15448
INFO: [HLS 200-0] Compiler optimizing ...
INFO: [HLS 200-0] Share syncheck's 1.bc for syn flow: copy /home/juju/mem_test_rw_seperate/ip/mem_prj/solution1/.autopilot/db/a.g.1.bc to /home/juju/mem_test_rw_seperate/ip/mem_prj/solution1/.autopilot/db/a.o.1.bc
INFO: [HLS 200-0] Presyn 1...
Execute         transform -hls -tmp /home/juju/mem_test_rw_seperate/ip/mem_prj/solution1/.autopilot/db -interface-port-rename -type-info -function-uniquify -directive-preproc -mem2reg -dse -dce -disaggr -scalarrepl -norm-name -deadargelim -mem2reg -instcombine -dce -auto-rom-infer -dce -function-uniquify -resource-proc -simplifycfg -mem2reg -globaldce -resolve-double-ptr -dce -deadargelim -dce -instcombine -clib-intrinsic-prepare -dce -func-buffer -dce -array-normalize -func-legal -instcombine -gvn -constprop -dce -ptrArgReplace -mem2reg -instcombine -dce -array-seg-normalize -deadargelim -instcombine -dce -pointer-simplify -dce -port-alignment -dce -interface-preproc -data-pack -instcombine -dce -basicaa -aggr-aa -aggrmodref-aa -aggr-aa -gvn -gvn -basicaa -aggr-aa -aggrmodref-aa -aggr-aa -dse -adse -adce -loop-simplify -indvars -instcombine -gvn -loop-simplify -mem2reg -dce -simplifycfg -find-region -instcombine -auto-loop-pipeline -inst-simplify -interface-preproc -cfgopt -instcombine -indvars -auto-loop-unroll -loop-simplify -loop-bound -xunroll -constprop -instcombine -simplifycfg -indvars -simplifycfg -dce -globaldce -clean-region -attach-range -gvn -inst-simplify -constprop -simplifycfg -dce -pointer-simplify -dce -globalopt -constprop -dce -array-promote -constprop -instcombine -dce -ptrArgReplace -mem2reg -instcombine -simplifycfg -dce -auto-par -instcombine -dce -array-transform-check -array-reshape -instcombine -simplifycfg -dce -ptrArgReplace -deadargelim -mem2reg -instcombine -simplifycfg -dce -indvars -loop-simplify -loop-bound -xunroll -constprop -instcombine -simplifycfg -indvars -simplifycfg -dce -globaldce -duplicate-dataflow-processes -globaldce -instcombine -array-partition -instcombine -simplifycfg -dce -ptrArgReplace -global-constprop -deadargelim -mem2reg -func-legal -instcombine -dce -global-constprop -deadargelim -mem2reg -instcombine -simplifycfg -dce -merge-param -deadargelim -globalopt -constprop -dce -array-promote -constprop -instcombine -dce -ptrArgReplace -mem2reg -instcombine -simplifycfg -dce -mem-intrinsic-preproc -dce -global-privatize -mem2reg -globaldce -promote-global-argument -ptrArgReplace -mem2reg -instcombine -dce -globalopt -mergereturn -simplify-global-access -mem2reg -dce -pointer-simplify -dce -functionattrs -basicaa -aggr-aa -aggrmodref-aa -aggr-aa -gvn -gvn -basicaa -aggr-aa -aggrmodref-aa -aggr-aa -dse -adse -adce -inst-simplify -dce -norm-name -function-inline -globaldce -func-inst -constprop -instcombine -simplifycfg -dce -func-legal -dce -loop-bound -arraycheck -bitwidthmin -on-by-dataflow -loop-delete -instcombine -simplifycfg -globaldce -dce -gvn -deadargelim -dce -loop-simplify -clean-region -simplifycfg -propagate-stable-arguments -loop-stream -instcombine -simplifycfg -dce -globaldce -duplicate-dataflow-processes -stream-intrinsic-preproc -dce -check-ap-stream -loop-simplify -eliminate-keepreads -extract-dataflow-in-loop -loop-simplify -dce -gvn -deadargelim -dse -check-dataflow-syntax -legalize-stream-variable -legalize-global -extract-subproc -dce -dead-channel-elimination -canonicalize-gep -globaldce -dce -gvn -deadargelim -annotate-dataflow-channels -scalar-propagation -deadargelim -globaldce -mem2reg -check-dataflow-channels -function-stream -dce -globaldce -prop-fifo-spec -internal-stream-gen -canonicalize-gep -globaldce -dce -gvn -deadargelim -mergereturn -indvars -loop-simplify -instcombine -array-stream -array-seg-normalize -array-partition -func-legal -instcombine -simplifycfg -dce -bundle-memfifo-ops -deadargelim -function-uniquify -directive-preproc -mem2reg -dse -dce -group-axi-access -licm -simplifycfg -dce -loop-delete -norm-name /home/juju/mem_test_rw_seperate/ip/mem_prj/solution1/.autopilot/db/a.o.1.bc -o /home/juju/mem_test_rw_seperate/ip/mem_prj/solution1/.autopilot/db/a.o.1.tmp.bc -f 
INFO: [XFORM 203-712] Applying dataflow to function 'mem_hw' (mem.cpp:50), detected/extracted 2 process function(s): 
	 'mem_read'
	 'mem_write'.
Command         transform returned 0; 0.25 sec.
INFO: [HLS 200-0] Presyn 2...
Execute         transform -hls -keep-callgraph -scalarrepl -mem2reg -port-alignment -attach-range -dce -pipe-mux-gen -indvars -loop-bound -inst-simplify -instcombine -dce -merge-array-access -mem2reg -dce -clean-region -mergereturn -if-conv -instcombine -dce -constprop -basicaa -aggr-aa -aggrmodref-aa -aggr-aa -gvn -gvn -basicaa -aggr-aa -aggrmodref-aa -aggr-aa -dse -adse -adce -scalarrepl -mem2reg -global-constprop -deadargelim -deadargelim -instcombine -dce -simplifycfg -ptrArgReplace -mem2reg -function-inline -globaldce -mem2reg -instcombine -dce -expr-balance -instcombine -dce -bitwidthmin -interface-preproc -directive-preproc -inst-rectify -instcombine -dce -functionattrs -constprop -instcombine -bit-constprop -simplify-global-access -globalopt -globaldce -inst-simplify -instcombine -elimdeaddata -dce -loop-delete -simplifycfg -loop-simplify -auto-burst -norm-name /home/juju/mem_test_rw_seperate/ip/mem_prj/solution1/.autopilot/db/a.o.1.tmp.bc -o /home/juju/mem_test_rw_seperate/ip/mem_prj/solution1/.autopilot/db/a.o.2.bc -f -phase presyn 
Command         transform returned 0; 0.12 sec.
Execute         disassemble /home/juju/mem_test_rw_seperate/ip/mem_prj/solution1/.autopilot/db/a.o.2 /home/juju/mem_test_rw_seperate/ip/mem_prj/solution1/.autopilot/db/a.o.2 
Execute           is_encrypted /home/juju/mem_test_rw_seperate/ip/mem_prj/solution1/.autopilot/db/a.o.2.bc 
Command           is_encrypted returned 0; 0 sec.
Command         disassemble returned 0; 0.42 sec.
INFO: [HLS 200-111] Finished Pre-synthesis Time (s): cpu = 00:00:42 ; elapsed = 00:00:25 . Memory (MB): peak = 495.586 ; gain = 142.109 ; free physical = 404 ; free virtual = 15415
INFO: [HLS 200-0] Building ssdm...
Execute         transform -hls -function-uniquify -auto-function-inline -globaldce -ptrArgReplace -mem2reg -instcombine -dce -reset-lda -loop-simplify -indvars -licm -loop-dep -loop-bound -licm -loop-simplify -flattenloopnest -array-flatten -gvn -instcombine -dce -array-map -dce -func-legal -gvn -adce -instcombine -cfgopt -simplifycfg -loop-simplify -array-burst -promote-global-argument -dce -axi4-lower -array-seg-normalize -basicaa -aggrmodref-aa -globalsmodref-aa -aggr-aa -gvn -gvn -basicaa -aggrmodref-aa -globalsmodref-aa -aggr-aa -dse -adse -adce -licm -inst-simplify -dce -globaldce -instcombine -array-stream -eliminate-keepreads -instcombine -dce -deadargelim -doublePtrSimplify -doublePtrElim -dce -doublePtrSimplify -promote-dbg-pointer -dce -scalarrepl -mem2reg -disaggr -norm-name -mem2reg -instcombine -dse -adse -adce -ptrLegalization -dce -auto-rom-infer -array-flatten -dce -instcombine -check-doubleptr -loop-rot -constprop -cfgopt -simplifycfg -loop-simplify -indvars -pointer-simplify -dce -loop-bound -loop-simplify -loop-preproc -constprop -global-constprop -gvn -mem2reg -instcombine -dce -loop-bound -loop-merge -dce -bitwidthmin -deadargelim -dce -canonicalize-dataflow -dce -scalar-propagation -deadargelim -globaldce -mem2reg -interface-preproc -directive-preproc -interface-gen -deadargelim -inst-simplify -dce -gvn -mem2reg -instcombine -dce -adse -loop-bound -instcombine -cfgopt -simplifycfg -loop-simplify -clean-region -io-protocol -find-region -mem2reg -bitop-raise -inst-simplify -inst-rectify -instcombine -adce -deadargelim -loop-simplify -phi-opt -bitop-raise -cfgopt -simplifycfg -strip-dead-prototypes -interface-lower -bitop-lower -intrinsic-lower -auto-function-inline -basicaa -aggrmodref-aa -globalsmodref-aa -aggr-aa -inst-simplify -simplifycfg -loop-simplify -mergereturn -inst-simplify -inst-rectify -dce -bitop-lower -loop-rewind -pointer-simplify -dce -cfgopt -read-loop-dep -dce -bitwidth -loop-dep -check-stream -norm-name -legalize -validate-dataflow -cdfg-build /home/juju/mem_test_rw_seperate/ip/mem_prj/solution1/.autopilot/db/a.o.2.bc -o /home/juju/mem_test_rw_seperate/ip/mem_prj/solution1/.autopilot/db/a.o.3.bc -f -phase build-ssdm 
INFO: [XFORM 203-541] Flattening a loop nest 'main_loop' (mem.cpp:25:3) in function 'mem_write'.
Command         transform returned 0; 0.21 sec.
Execute         disassemble /home/juju/mem_test_rw_seperate/ip/mem_prj/solution1/.autopilot/db/a.o.3 /home/juju/mem_test_rw_seperate/ip/mem_prj/solution1/.autopilot/db/a.o.3 
Execute           is_encrypted /home/juju/mem_test_rw_seperate/ip/mem_prj/solution1/.autopilot/db/a.o.3.bc 
Command           is_encrypted returned 0; 0 sec.
Command         disassemble returned 0; 0.4 sec.
INFO: [HLS 200-111] Finished Architecture Synthesis Time (s): cpu = 00:00:43 ; elapsed = 00:00:26 . Memory (MB): peak = 558.848 ; gain = 205.371 ; free physical = 386 ; free virtual = 15401
INFO: [HLS 200-0] Finish building internal data model.
Command       opt_and_import_c returned 0; 2.88 sec.
Command     elaborate returned 0; 25.3 sec.
Execute     autosyn 
INFO: [HLS 200-10] Starting hardware synthesis ...
INFO: [HLS 200-0] Synthesizing C/C++ design ...
INFO: [HLS 200-10] Synthesizing 'mem_hw' ...
Execute       ap_set_top_model mem_hw 
Command       ap_set_top_model returned 0; 0 sec.
Execute       get_model_list mem_hw -filter all-wo-channel -topdown 
Command       get_model_list returned 0; 0 sec.
Execute       preproc_iomode -model mem_hw 
Command       preproc_iomode returned 0; 0.01 sec.
Execute       preproc_iomode -model mem_write 
Command       preproc_iomode returned 0; 0 sec.
Execute       preproc_iomode -model mem_read 
Command       preproc_iomode returned 0; 0 sec.
Execute       get_model_list mem_hw -filter all-wo-channel 
Command       get_model_list returned 0; 0 sec.
INFO: [HLS 200-0] Model list for configure: mem_read mem_write mem_hw
INFO: [HLS 200-0] Configuring Module : mem_read ...
Execute       set_default_model mem_read 
Command       set_default_model returned 0; 0 sec.
Execute       apply_spec_resource_limit mem_read 
Command       apply_spec_resource_limit returned 0; 0 sec.
INFO: [HLS 200-0] Configuring Module : mem_write ...
Execute       set_default_model mem_write 
Command       set_default_model returned 0; 0 sec.
Execute       apply_spec_resource_limit mem_write 
Command       apply_spec_resource_limit returned 0; 0 sec.
INFO: [HLS 200-0] Configuring Module : mem_hw ...
Execute       set_default_model mem_hw 
Command       set_default_model returned 0; 0 sec.
Execute       apply_spec_resource_limit mem_hw 
Command       apply_spec_resource_limit returned 0; 0 sec.
INFO: [HLS 200-0] Model list for preprocess: mem_read mem_write mem_hw
INFO: [HLS 200-0] Preprocessing Module: mem_read ...
Execute       set_default_model mem_read 
Command       set_default_model returned 0; 0 sec.
Execute       cdfg_preprocess -model mem_read 
Command       cdfg_preprocess returned 0; 0 sec.
Execute       rtl_gen_preprocess mem_read 
Command       rtl_gen_preprocess returned 0; 0 sec.
INFO: [HLS 200-0] Preprocessing Module: mem_write ...
Execute       set_default_model mem_write 
Command       set_default_model returned 0; 0 sec.
Execute       cdfg_preprocess -model mem_write 
Command       cdfg_preprocess returned 0; 0 sec.
Execute       rtl_gen_preprocess mem_write 
Command       rtl_gen_preprocess returned 0; 0 sec.
INFO: [HLS 200-0] Preprocessing Module: mem_hw ...
Execute       set_default_model mem_hw 
Command       set_default_model returned 0; 0 sec.
Execute       cdfg_preprocess -model mem_hw 
Command       cdfg_preprocess returned 0; 0 sec.
Execute       rtl_gen_preprocess mem_hw 
Command       rtl_gen_preprocess returned 0; 0 sec.
INFO: [HLS 200-0] Model list for synthesis: mem_read mem_write mem_hw
INFO: [HLS 200-10] ----------------------------------------------------------------
INFO: [HLS 200-42] -- Implementing module 'mem_read'
INFO: [HLS 200-10] ----------------------------------------------------------------
Execute       set_default_model mem_read 
Command       set_default_model returned 0; 0 sec.
Execute       schedule -model mem_read 
INFO: [SCHED 204-11] Starting scheduling ...
INFO: [SCHED 204-61] Pipelining loop 'loop_wait_for_end'.
INFO: [SCHED 204-61] Pipelining result : Target II = 1, Final II = 1, Depth = 1.
INFO: [SCHED 204-11] Finished scheduling.
Command       schedule returned 0; 0.09 sec.
INFO: [HLS 200-111]  Elapsed time: 25.98 seconds; current allocated memory: 126.443 MB.
Execute       report -o /home/juju/mem_test_rw_seperate/ip/mem_prj/solution1/.autopilot/db/mem_read.verbose.sched.rpt -verbose -f 
Command       report returned 0; 0.03 sec.
Execute       db_write -o /home/juju/mem_test_rw_seperate/ip/mem_prj/solution1/.autopilot/db/mem_read.sched.adb -f 
Command       db_write returned 0; 0.01 sec.
INFO: [HLS 200-0] Finish scheduling mem_read.
Execute       set_default_model mem_read 
Command       set_default_model returned 0; 0 sec.
Execute       bind -model mem_read 
INFO: [BIND 205-110] clear=
INFO: [BIND 205-110] debug=
INFO: [BIND 205-110] drf=
INFO: [BIND 205-110] effort=
INFO: [BIND 205-110] fast_refine=
INFO: [BIND 205-110] fu_weight=[ 0.0 -- 1.0 ]
INFO: [BIND 205-110] global_opt=
INFO: [BIND 205-110] gsearch=
INFO: [BIND 205-110] help=
INFO: [BIND 205-110] help-hidden=
INFO: [BIND 205-110] min_mem_port=
INFO: [BIND 205-110] min_op=
INFO: [BIND 205-110] minreg=
INFO: [BIND 205-110] ml=
INFO: [BIND 205-110] model=mem_read
INFO: [BIND 205-110] no_false_path=
INFO: [BIND 205-110] no_min_op=
INFO: [BIND 205-110] normalize=
INFO: [BIND 205-110] quiet=
INFO: [BIND 205-110] refine=
INFO: [BIND 205-110] reg_weight=[ 0.0 -- 1.0 ]
INFO: [BIND 205-110] search=
INFO: [BIND 205-110] tight_delay=
INFO: [BIND 205-110] verbose=
INFO: [BIND 205-110] wFF=
INFO: [BIND 205-110] wFU=
INFO: [BIND 205-110] wMUX=
INFO: [BIND 205-110] wNET=
INFO: [BIND 205-100] Starting micro-architecture generation ...
INFO: [BIND 205-101] Performing variable lifetime analysis.
INFO: [BIND 205-101] Exploring resource sharing.
INFO: [BIND 205-101] Binding ...
INFO: [BIND 205-100] Finished micro-architecture generation.
Command       bind returned 0; 0.03 sec.
INFO: [HLS 200-111]  Elapsed time: 0.07 seconds; current allocated memory: 126.529 MB.
Execute       report -o /home/juju/mem_test_rw_seperate/ip/mem_prj/solution1/.autopilot/db/mem_read.verbose.bind.rpt -verbose -f 
Command       report returned 0; 0 sec.
Execute       db_write -o /home/juju/mem_test_rw_seperate/ip/mem_prj/solution1/.autopilot/db/mem_read.bind.adb -f 
Command       db_write returned 0; 0.01 sec.
INFO: [HLS 200-0] Finish binding mem_read.
INFO: [HLS 200-10] ----------------------------------------------------------------
INFO: [HLS 200-42] -- Implementing module 'mem_write'
INFO: [HLS 200-10] ----------------------------------------------------------------
Execute       set_default_model mem_write 
Command       set_default_model returned 0; 0 sec.
Execute       schedule -model mem_write 
INFO: [SCHED 204-11] Starting scheduling ...
INFO: [SCHED 204-61] Pipelining loop 'main_loop_data_loop'.
INFO: [SCHED 204-61] Pipelining result : Target II = 1, Final II = 1, Depth = 3.
INFO: [SCHED 204-11] Finished scheduling.
Command       schedule returned 0; 0.02 sec.
INFO: [HLS 200-111]  Elapsed time: 0.03 seconds; current allocated memory: 126.831 MB.
Execute       report -o /home/juju/mem_test_rw_seperate/ip/mem_prj/solution1/.autopilot/db/mem_write.verbose.sched.rpt -verbose -f 
Command       report returned 0; 0.02 sec.
Execute       db_write -o /home/juju/mem_test_rw_seperate/ip/mem_prj/solution1/.autopilot/db/mem_write.sched.adb -f 
Command       db_write returned 0; 0 sec.
INFO: [HLS 200-0] Finish scheduling mem_write.
Execute       set_default_model mem_write 
Command       set_default_model returned 0; 0 sec.
Execute       bind -model mem_write 
INFO: [BIND 205-110] clear=
INFO: [BIND 205-110] debug=
INFO: [BIND 205-110] drf=
INFO: [BIND 205-110] effort=
INFO: [BIND 205-110] fast_refine=
INFO: [BIND 205-110] fu_weight=[ 0.0 -- 1.0 ]
INFO: [BIND 205-110] global_opt=
INFO: [BIND 205-110] gsearch=
INFO: [BIND 205-110] help=
INFO: [BIND 205-110] help-hidden=
INFO: [BIND 205-110] min_mem_port=
INFO: [BIND 205-110] min_op=
INFO: [BIND 205-110] minreg=
INFO: [BIND 205-110] ml=
INFO: [BIND 205-110] model=mem_write
INFO: [BIND 205-110] no_false_path=
INFO: [BIND 205-110] no_min_op=
INFO: [BIND 205-110] normalize=
INFO: [BIND 205-110] quiet=
INFO: [BIND 205-110] refine=
INFO: [BIND 205-110] reg_weight=[ 0.0 -- 1.0 ]
INFO: [BIND 205-110] search=
INFO: [BIND 205-110] tight_delay=
INFO: [BIND 205-110] verbose=
INFO: [BIND 205-110] wFF=
INFO: [BIND 205-110] wFU=
INFO: [BIND 205-110] wMUX=
INFO: [BIND 205-110] wNET=
INFO: [BIND 205-100] Starting micro-architecture generation ...
INFO: [BIND 205-101] Performing variable lifetime analysis.
INFO: [BIND 205-101] Exploring resource sharing.
INFO: [BIND 205-101] Binding ...
INFO: [BIND 205-100] Finished micro-architecture generation.
Command       bind returned 0; 0.01 sec.
INFO: [HLS 200-111]  Elapsed time: 0.03 seconds; current allocated memory: 127.015 MB.
Execute       report -o /home/juju/mem_test_rw_seperate/ip/mem_prj/solution1/.autopilot/db/mem_write.verbose.bind.rpt -verbose -f 
Command       report returned 0; 0.02 sec.
Execute       db_write -o /home/juju/mem_test_rw_seperate/ip/mem_prj/solution1/.autopilot/db/mem_write.bind.adb -f 
Command       db_write returned 0; 0 sec.
INFO: [HLS 200-0] Finish binding mem_write.
INFO: [HLS 200-10] ----------------------------------------------------------------
INFO: [HLS 200-42] -- Implementing module 'mem_hw'
INFO: [HLS 200-10] ----------------------------------------------------------------
Execute       set_default_model mem_hw 
Command       set_default_model returned 0; 0 sec.
Execute       schedule -model mem_hw 
INFO: [SCHED 204-11] Starting scheduling ...
INFO: [SCHED 204-11] Finished scheduling.
Command       schedule returned 0; 0.01 sec.
INFO: [HLS 200-111]  Elapsed time: 0.03 seconds; current allocated memory: 127.164 MB.
Execute       report -o /home/juju/mem_test_rw_seperate/ip/mem_prj/solution1/.autopilot/db/mem_hw.verbose.sched.rpt -verbose -f 
Command       report returned 0; 0.01 sec.
Execute       db_write -o /home/juju/mem_test_rw_seperate/ip/mem_prj/solution1/.autopilot/db/mem_hw.sched.adb -f 
Command       db_write returned 0; 0 sec.
INFO: [HLS 200-0] Finish scheduling mem_hw.
Execute       set_default_model mem_hw 
Command       set_default_model returned 0; 0 sec.
Execute       bind -model mem_hw 
INFO: [BIND 205-110] clear=
INFO: [BIND 205-110] debug=
INFO: [BIND 205-110] drf=
INFO: [BIND 205-110] effort=
INFO: [BIND 205-110] fast_refine=
INFO: [BIND 205-110] fu_weight=[ 0.0 -- 1.0 ]
INFO: [BIND 205-110] global_opt=
INFO: [BIND 205-110] gsearch=
INFO: [BIND 205-110] help=
INFO: [BIND 205-110] help-hidden=
INFO: [BIND 205-110] min_mem_port=
INFO: [BIND 205-110] min_op=
INFO: [BIND 205-110] minreg=
INFO: [BIND 205-110] ml=
INFO: [BIND 205-110] model=mem_hw
INFO: [BIND 205-110] no_false_path=
INFO: [BIND 205-110] no_min_op=
INFO: [BIND 205-110] normalize=
INFO: [BIND 205-110] quiet=
INFO: [BIND 205-110] refine=
INFO: [BIND 205-110] reg_weight=[ 0.0 -- 1.0 ]
INFO: [BIND 205-110] search=
INFO: [BIND 205-110] tight_delay=
INFO: [BIND 205-110] verbose=
INFO: [BIND 205-110] wFF=
INFO: [BIND 205-110] wFU=
INFO: [BIND 205-110] wMUX=
INFO: [BIND 205-110] wNET=
INFO: [BIND 205-100] Starting micro-architecture generation ...
INFO: [BIND 205-101] Performing variable lifetime analysis.
INFO: [BIND 205-101] Exploring resource sharing.
INFO: [BIND 205-101] Binding ...
INFO: [BIND 205-100] Finished micro-architecture generation.
Command       bind returned 0; 0.02 sec.
INFO: [HLS 200-111]  Elapsed time: 0.03 seconds; current allocated memory: 127.306 MB.
Execute       report -o /home/juju/mem_test_rw_seperate/ip/mem_prj/solution1/.autopilot/db/mem_hw.verbose.bind.rpt -verbose -f 
Command       report returned 0; 0.02 sec.
Execute       db_write -o /home/juju/mem_test_rw_seperate/ip/mem_prj/solution1/.autopilot/db/mem_hw.bind.adb -f 
Command       db_write returned 0; 0 sec.
INFO: [HLS 200-0] Finish binding mem_hw.
Execute       get_model_list mem_hw -filter all-wo-channel 
Command       get_model_list returned 0; 0 sec.
INFO: [HLS 200-0] Preprocessing for RTLGen ...
Execute       rtl_gen_preprocess mem_read 
Command       rtl_gen_preprocess returned 0; 0 sec.
Execute       rtl_gen_preprocess mem_write 
Command       rtl_gen_preprocess returned 0; 0 sec.
Execute       rtl_gen_preprocess mem_hw 
Command       rtl_gen_preprocess returned 0; 0 sec.
INFO: [HLS 200-0] Model list for RTL generation: mem_read mem_write mem_hw
INFO: [HLS 200-10] ----------------------------------------------------------------
INFO: [HLS 200-10] -- Generating RTL for module 'mem_read'
INFO: [HLS 200-10] ----------------------------------------------------------------
Execute       create_rtl_model mem_read -vendor xilinx -mg_file /home/juju/mem_test_rw_seperate/ip/mem_prj/solution1/.autopilot/db/mem_read.compgen.tcl 
INFO: [RTGEN 206-100] Finished creating RTL model for 'mem_read'.
Command       create_rtl_model returned 0; 0.01 sec.
INFO: [HLS 200-111]  Elapsed time: 0.03 seconds; current allocated memory: 127.947 MB.
Execute       source /home/juju/mem_test_rw_seperate/ip/mem_prj/solution1/.autopilot/db/mem_hw.rtl_wrap.cfg.tcl 
Command       ap_source returned 0; 0 sec.
Execute       gen_rtl mem_read -style xilinx -tracefl mytrace -tracefmt vcd -traceopt all -f -lang sc -o /home/juju/mem_test_rw_seperate/ip/mem_prj/solution1/syn/systemc/mem_read -synmodules mem_read mem_write mem_hw 
Command       gen_rtl returned 0; 0 sec.
Execute       gen_rtl mem_read -style xilinx -f -lang vhdl -o /home/juju/mem_test_rw_seperate/ip/mem_prj/solution1/syn/vhdl/mem_read 
Command       gen_rtl returned 0; 0.01 sec.
Execute       gen_rtl mem_read -style xilinx -f -lang vlog -o /home/juju/mem_test_rw_seperate/ip/mem_prj/solution1/syn/verilog/mem_read 
Command       gen_rtl returned 0; 0 sec.
Execute       gen_tb_info mem_read -o /home/juju/mem_test_rw_seperate/ip/mem_prj/solution1/.autopilot/db/mem_read -p /home/juju/mem_test_rw_seperate/ip/mem_prj/solution1/.autopilot/db 
Command       gen_tb_info returned 0; 0.01 sec.
Execute       report -model mem_read -o /home/juju/mem_test_rw_seperate/ip/mem_prj/solution1/syn/report/mem_read_csynth.rpt -f 
Command       report returned 0; 0 sec.
Execute       report -model mem_read -o /home/juju/mem_test_rw_seperate/ip/mem_prj/solution1/syn/report/mem_read_csynth.xml -f -x 
Command       report returned 0; 0 sec.
Execute       report -model mem_read -o /home/juju/mem_test_rw_seperate/ip/mem_prj/solution1/.autopilot/db/mem_read.verbose.rpt -verbose -f 
Command       report returned 0; 0.01 sec.
Execute       db_write -model mem_read -o /home/juju/mem_test_rw_seperate/ip/mem_prj/solution1/.autopilot/db/mem_read.adb -f 
Command       db_write returned 0; 0.01 sec.
INFO: [HLS 200-10] ----------------------------------------------------------------
INFO: [HLS 200-10] -- Generating RTL for module 'mem_write'
INFO: [HLS 200-10] ----------------------------------------------------------------
Execute       create_rtl_model mem_write -vendor xilinx -mg_file /home/juju/mem_test_rw_seperate/ip/mem_prj/solution1/.autopilot/db/mem_write.compgen.tcl 
INFO: [RTGEN 206-100] Finished creating RTL model for 'mem_write'.
Command       create_rtl_model returned 0; 0.02 sec.
INFO: [HLS 200-111]  Elapsed time: 0.06 seconds; current allocated memory: 128.901 MB.
Execute       source /home/juju/mem_test_rw_seperate/ip/mem_prj/solution1/.autopilot/db/mem_hw.rtl_wrap.cfg.tcl 
Command       ap_source returned 0; 0 sec.
Execute       gen_rtl mem_write -style xilinx -tracefl mytrace -tracefmt vcd -traceopt all -f -lang sc -o /home/juju/mem_test_rw_seperate/ip/mem_prj/solution1/syn/systemc/mem_write -synmodules mem_read mem_write mem_hw 
Command       gen_rtl returned 0; 0 sec.
Execute       gen_rtl mem_write -style xilinx -f -lang vhdl -o /home/juju/mem_test_rw_seperate/ip/mem_prj/solution1/syn/vhdl/mem_write 
Command       gen_rtl returned 0; 0 sec.
Execute       gen_rtl mem_write -style xilinx -f -lang vlog -o /home/juju/mem_test_rw_seperate/ip/mem_prj/solution1/syn/verilog/mem_write 
Command       gen_rtl returned 0; 0 sec.
Execute       gen_tb_info mem_write -o /home/juju/mem_test_rw_seperate/ip/mem_prj/solution1/.autopilot/db/mem_write -p /home/juju/mem_test_rw_seperate/ip/mem_prj/solution1/.autopilot/db 
Command       gen_tb_info returned 0; 0.02 sec.
Execute       report -model mem_write -o /home/juju/mem_test_rw_seperate/ip/mem_prj/solution1/syn/report/mem_write_csynth.rpt -f 
Command       report returned 0; 0.02 sec.
Execute       report -model mem_write -o /home/juju/mem_test_rw_seperate/ip/mem_prj/solution1/syn/report/mem_write_csynth.xml -f -x 
Command       report returned 0; 0.02 sec.
Execute       report -model mem_write -o /home/juju/mem_test_rw_seperate/ip/mem_prj/solution1/.autopilot/db/mem_write.verbose.rpt -verbose -f 
Command       report returned 0; 0.04 sec.
Execute       db_write -model mem_write -o /home/juju/mem_test_rw_seperate/ip/mem_prj/solution1/.autopilot/db/mem_write.adb -f 
Command       db_write returned 0; 0.02 sec.
INFO: [HLS 200-10] ----------------------------------------------------------------
INFO: [HLS 200-10] -- Generating RTL for module 'mem_hw'
INFO: [HLS 200-10] ----------------------------------------------------------------
Execute       create_rtl_model mem_hw -vendor xilinx -mg_file /home/juju/mem_test_rw_seperate/ip/mem_prj/solution1/.autopilot/db/mem_hw.compgen.tcl 
INFO: [RTGEN 206-500] Setting interface mode on port 'mem_hw/out_V_data_V' to 'axis' (register, both mode).
INFO: [RTGEN 206-500] Setting interface mode on port 'mem_hw/out_V_keep_V' to 'axis' (register, both mode).
INFO: [RTGEN 206-500] Setting interface mode on port 'mem_hw/out_V_strb_V' to 'axis' (register, both mode).
INFO: [RTGEN 206-500] Setting interface mode on port 'mem_hw/out_V_user_V' to 'axis' (register, both mode).
INFO: [RTGEN 206-500] Setting interface mode on port 'mem_hw/out_V_last_V' to 'axis' (register, both mode).
INFO: [RTGEN 206-500] Setting interface mode on port 'mem_hw/out_V_id_V' to 'axis' (register, both mode).
INFO: [RTGEN 206-500] Setting interface mode on port 'mem_hw/out_V_dest_V' to 'axis' (register, both mode).
INFO: [RTGEN 206-500] Setting interface mode on port 'mem_hw/in_V_data_V' to 'axis' (register, both mode).
INFO: [RTGEN 206-500] Setting interface mode on port 'mem_hw/in_V_keep_V' to 'axis' (register, both mode).
INFO: [RTGEN 206-500] Setting interface mode on port 'mem_hw/in_V_strb_V' to 'axis' (register, both mode).
INFO: [RTGEN 206-500] Setting interface mode on port 'mem_hw/in_V_user_V' to 'axis' (register, both mode).
INFO: [RTGEN 206-500] Setting interface mode on port 'mem_hw/in_V_last_V' to 'axis' (register, both mode).
INFO: [RTGEN 206-500] Setting interface mode on port 'mem_hw/in_V_id_V' to 'axis' (register, both mode).
INFO: [RTGEN 206-500] Setting interface mode on port 'mem_hw/in_V_dest_V' to 'axis' (register, both mode).
INFO: [RTGEN 206-500] Setting interface mode on port 'mem_hw/rw' to 's_axilite & ap_none'.
INFO: [RTGEN 206-500] Setting interface mode on port 'mem_hw/mask' to 's_axilite & ap_none'.
INFO: [RTGEN 206-500] Setting interface mode on port 'mem_hw/test_init_arr_V' to 's_axilite & ap_memory'.
INFO: [RTGEN 206-500] Setting interface mode on function 'mem_hw' to 's_axilite & ap_ctrl_hs'.
INFO: [RTGEN 206-100] Bundling port 'return', 'rw', 'mask' and 'test_init_arr_V' to AXI-Lite port CONTROL_BUS.
INFO: [RTGEN 206-100] Finished creating RTL model for 'mem_hw'.
Command       create_rtl_model returned 0; 0.03 sec.
INFO: [HLS 200-111]  Elapsed time: 0.16 seconds; current allocated memory: 129.861 MB.
Execute       source /home/juju/mem_test_rw_seperate/ip/mem_prj/solution1/.autopilot/db/mem_hw.rtl_wrap.cfg.tcl 
Command       ap_source returned 0; 0 sec.
Execute       gen_rtl mem_hw -istop -style xilinx -tracefl mytrace -tracefmt vcd -traceopt all -f -lang sc -o /home/juju/mem_test_rw_seperate/ip/mem_prj/solution1/syn/systemc/mem_hw -synmodules mem_read mem_write mem_hw 
Command       gen_rtl returned 0; 0 sec.
Execute       gen_rtl mem_hw -istop -style xilinx -f -lang vhdl -o /home/juju/mem_test_rw_seperate/ip/mem_prj/solution1/syn/vhdl/mem_hw 
Command       gen_rtl returned 0; 0.01 sec.
Execute       gen_rtl mem_hw -istop -style xilinx -f -lang vlog -o /home/juju/mem_test_rw_seperate/ip/mem_prj/solution1/syn/verilog/mem_hw 
Command       gen_rtl returned 0; 0.01 sec.
Execute       export_constraint_db -o /home/juju/mem_test_rw_seperate/ip/mem_prj/solution1/.autopilot/db/mem_hw.constraint.tcl -f -tool general 
Command       export_constraint_db returned 0; 0 sec.
Execute       report -model mem_hw -o /home/juju/mem_test_rw_seperate/ip/mem_prj/solution1/.autopilot/db/mem_hw.design.xml -verbose -f -dv 
Command       report returned 0; 0.05 sec.
Execute       report -model mem_hw -o /home/juju/mem_test_rw_seperate/ip/mem_prj/solution1/.autopilot/db/mem_hw.sdaccel.xml -verbose -f -sdaccel 
Command       report returned 0; 0.01 sec.
Execute       gen_tb_info mem_hw -o /home/juju/mem_test_rw_seperate/ip/mem_prj/solution1/.autopilot/db/mem_hw -p /home/juju/mem_test_rw_seperate/ip/mem_prj/solution1/.autopilot/db 
Command       gen_tb_info returned 0; 0 sec.
Execute       report -model mem_hw -o /home/juju/mem_test_rw_seperate/ip/mem_prj/solution1/syn/report/mem_hw_csynth.rpt -f 
Command       report returned 0; 0.01 sec.
Execute       report -model mem_hw -o /home/juju/mem_test_rw_seperate/ip/mem_prj/solution1/syn/report/mem_hw_csynth.xml -f -x 
Command       report returned 0; 0.01 sec.
Execute       report -model mem_hw -o /home/juju/mem_test_rw_seperate/ip/mem_prj/solution1/.autopilot/db/mem_hw.verbose.rpt -verbose -f 
Command       report returned 0; 0.02 sec.
Execute       db_write -model mem_hw -o /home/juju/mem_test_rw_seperate/ip/mem_prj/solution1/.autopilot/db/mem_hw.adb -f 
Command       db_write returned 0; 0.01 sec.
Execute       sc_get_clocks mem_hw 
Command       sc_get_clocks returned 0; 0 sec.
Execute       sc_get_portdomain mem_hw 
Command       sc_get_portdomain returned 0; 0 sec.
INFO: [HLS 200-0] Model list for RTL component generation: mem_read mem_write mem_hw
INFO: [HLS 200-0] Handling components in module [mem_read] ... 
Execute       source /home/juju/mem_test_rw_seperate/ip/mem_prj/solution1/.autopilot/db/mem_read.compgen.tcl 
Command       ap_source returned 0; 0 sec.
INFO: [HLS 200-0] Handling components in module [mem_write] ... 
Execute       source /home/juju/mem_test_rw_seperate/ip/mem_prj/solution1/.autopilot/db/mem_write.compgen.tcl 
Command       ap_source returned 0; 0 sec.
INFO: [HLS 200-0] Handling components in module [mem_hw] ... 
Execute       source /home/juju/mem_test_rw_seperate/ip/mem_prj/solution1/.autopilot/db/mem_hw.compgen.tcl 
INFO: [HLS 200-0] Found component mem_hw_CONTROL_BUS_s_axi.
INFO: [HLS 200-0] Append model mem_hw_CONTROL_BUS_s_axi
Command       ap_source returned 0; 0 sec.
INFO: [HLS 200-0] Append model mem_read
INFO: [HLS 200-0] Append model mem_write
INFO: [HLS 200-0] Append model mem_hw
INFO: [HLS 200-0] Generating RTL model list ...
INFO: [HLS 200-0] All models in this session: mem_hw_CONTROL_BUS_s_axi mem_read mem_write mem_hw
INFO: [HLS 200-0] To file: write model mem_hw_CONTROL_BUS_s_axi
INFO: [HLS 200-0] To file: write model mem_read
INFO: [HLS 200-0] To file: write model mem_write
INFO: [HLS 200-0] To file: write model mem_hw
INFO: [HLS 200-0] Finished generating RTL model list.


INFO: [HLS 200-0] RTL Generation done.
INFO: [HLS 200-0] CAS Generation done.
INFO: [HLS 200-0] CBC Generation done.
Execute       export_ssdm /home/juju/mem_test_rw_seperate/ip/mem_prj/solution1/.autopilot/db/a.export.ll 
Command       export_ssdm returned 0; 0 sec.
Execute       source /home/juju/mem_test_rw_seperate/ip/mem_prj/solution1/.autopilot/db/global.setting.tcl 
Command       ap_source returned 0; 0 sec.
Execute       source /opt/Xilinx_tools/Vivado/2017.4/common/technology/generic/autopilot/common.gen 
Execute         source /opt/Xilinx_tools/Vivado/2017.4/common/technology/generic/autopilot/APCoreGen.gen 
Command         ap_source returned 0; 0.01 sec.
Command       ap_source returned 0; 0.01 sec.
Execute       source /opt/Xilinx_tools/Vivado/2017.4/common/technology/generic/autopilot/op.gen 
Command       ap_source returned 0; 0 sec.
Execute       source /opt/Xilinx_tools/Vivado/2017.4/common/technology/generic/autopilot/op_simcore.gen 
Command       ap_source returned 0; 0 sec.
Execute       source /opt/Xilinx_tools/Vivado/2017.4/common/technology/generic/autopilot/interface.gen 
Command       ap_source returned 0; 0 sec.
Execute       source /home/juju/mem_test_rw_seperate/ip/mem_prj/solution1/.autopilot/db/global.setting.tcl 
Command       ap_source returned 0; 0 sec.
Execute       source /opt/Xilinx_tools/Vivado/2017.4/common/technology/xilinx/zynq/zynq.gen 
Execute         source /opt/Xilinx_tools/Vivado/2017.4/common/technology/xilinx/common/virtex.gen 
Execute           source /opt/Xilinx_tools/Vivado/2017.4/common/technology/xilinx/common/xilinx.gen 
Execute             source /opt/Xilinx_tools/Vivado/2017.4/common/technology/xilinx/interface/plb46.gen 
Command             ap_source returned 0; 0 sec.
Execute             source /opt/Xilinx_tools/Vivado/2017.4/common/technology/xilinx/interface/fsl.gen 
Command             ap_source returned 0; 0 sec.
Execute             source /opt/Xilinx_tools/Vivado/2017.4/common/technology/xilinx/interface/axi4.gen 
Command             ap_source returned 0; 0 sec.
Execute             source /opt/Xilinx_tools/Vivado/2017.4/common/technology/xilinx/interface/nativeAXI4.gen 
Execute               source /opt/Xilinx_tools/Vivado/2017.4/common/technology/xilinx/interface/saxilite.gen 
Command               ap_source returned 0; 0 sec.
Execute               source /opt/Xilinx_tools/Vivado/2017.4/common/technology/xilinx/interface/maxi.gen 
Command               ap_source returned 0; 0 sec.
Command             ap_source returned 0; 0 sec.
Execute             source /opt/Xilinx_tools/Vivado/2017.4/common/technology/xilinx/scripts/xilinxcoregen.gen 
Command             ap_source returned 0; 0.01 sec.
Execute             source /opt/Xilinx_tools/Vivado/2017.4/common/technology/xilinx/interface/XilEDKCoreGen.gen 
Command             ap_source returned 0; 0.01 sec.
Execute             source /opt/Xilinx_tools/Vivado/2017.4/common/technology/xilinx/ip/xfir.gen 
Command             ap_source returned 0; 0 sec.
Execute             source /opt/Xilinx_tools/Vivado/2017.4/common/technology/xilinx/ip/xfft.gen 
Command             ap_source returned 0; 0.07 sec.
Execute             source /opt/Xilinx_tools/Vivado/2017.4/common/technology/xilinx/ip/util.gen 
Command             ap_source returned 0; 0 sec.
Execute             source /opt/Xilinx_tools/Vivado/2017.4/common/technology/xilinx/ip/dds_compiler.gen 
Command             ap_source returned 0; 0.01 sec.
Command           ap_source returned 0; 0.11 sec.
Execute           source /opt/Xilinx_tools/Vivado/2017.4/common/technology/xilinx/common/dsp48.gen 
Command           ap_source returned 0; 0 sec.
Command         ap_source returned 0; 0.11 sec.
Command       ap_source returned 0; 0.11 sec.
Execute       source /opt/Xilinx_tools/Vivado/2017.4/common/technology/xilinx/zynq/zynq_fpv6.gen 
Execute         source /opt/Xilinx_tools/Vivado/2017.4/common/technology/xilinx/common/xilinx_fpv6.gen 
Command         ap_source returned 0; 0 sec.
Command       ap_source returned 0; 0 sec.
Execute       source /home/juju/mem_test_rw_seperate/ip/mem_prj/solution1/.autopilot/db/global.setting.tcl 
Command       ap_source returned 0; 0 sec.
Execute       source /home/juju/mem_test_rw_seperate/ip/mem_prj/solution1/.autopilot/db/global.setting.tcl 
Command       ap_source returned 0; 0 sec.
Execute       source /home/juju/mem_test_rw_seperate/ip/mem_prj/solution1/.autopilot/db/global.setting.tcl 
Command       ap_source returned 0; 0 sec.
Execute       source /home/juju/mem_test_rw_seperate/ip/mem_prj/solution1/.autopilot/db/mem_read.compgen.tcl 
Command       ap_source returned 0; 0 sec.
Execute       source /home/juju/mem_test_rw_seperate/ip/mem_prj/solution1/.autopilot/db/mem_write.compgen.tcl 
Command       ap_source returned 0; 0 sec.
Execute       source /home/juju/mem_test_rw_seperate/ip/mem_prj/solution1/.autopilot/db/mem_hw.compgen.tcl 
Execute         source ./CONTROL_BUS.slave.tcl 
Command         ap_source returned 0; 0 sec.
Command       ap_source returned 0; 0.02 sec.
Execute       source /home/juju/mem_test_rw_seperate/ip/mem_prj/solution1/.autopilot/db/global.setting.tcl 
Command       ap_source returned 0; 0 sec.
Execute       source /opt/Xilinx_tools/Vivado/2017.4/common/technology/generic/autopilot/common.gen 
Execute         source /opt/Xilinx_tools/Vivado/2017.4/common/technology/generic/autopilot/APCoreGen.gen 
Command         ap_source returned 0; 0 sec.
Command       ap_source returned 0; 0 sec.
Execute       source /opt/Xilinx_tools/Vivado/2017.4/common/technology/generic/autopilot/op.gen 
Command       ap_source returned 0; 0 sec.
Execute       source /opt/Xilinx_tools/Vivado/2017.4/common/technology/generic/autopilot/op_simcore.gen 
Command       ap_source returned 0; 0 sec.
Execute       source /opt/Xilinx_tools/Vivado/2017.4/common/technology/generic/autopilot/interface.gen 
Command       ap_source returned 0; 0 sec.
Execute       source /home/juju/mem_test_rw_seperate/ip/mem_prj/solution1/.autopilot/db/global.setting.tcl 
Command       ap_source returned 0; 0 sec.
Execute       source /opt/Xilinx_tools/Vivado/2017.4/common/technology/xilinx/zynq/zynq.gen 
Execute         source /opt/Xilinx_tools/Vivado/2017.4/common/technology/xilinx/common/virtex.gen 
Execute           source /opt/Xilinx_tools/Vivado/2017.4/common/technology/xilinx/common/xilinx.gen 
Execute             source /opt/Xilinx_tools/Vivado/2017.4/common/technology/xilinx/interface/plb46.gen 
Command             ap_source returned 0; 0 sec.
Execute             source /opt/Xilinx_tools/Vivado/2017.4/common/technology/xilinx/interface/fsl.gen 
Command             ap_source returned 0; 0 sec.
Execute             source /opt/Xilinx_tools/Vivado/2017.4/common/technology/xilinx/interface/axi4.gen 
Command             ap_source returned 0; 0.01 sec.
Execute             source /opt/Xilinx_tools/Vivado/2017.4/common/technology/xilinx/interface/nativeAXI4.gen 
Execute               source /opt/Xilinx_tools/Vivado/2017.4/common/technology/xilinx/interface/saxilite.gen 
Command               ap_source returned 0; 0 sec.
Execute               source /opt/Xilinx_tools/Vivado/2017.4/common/technology/xilinx/interface/maxi.gen 
Command               ap_source returned 0; 0.01 sec.
Command             ap_source returned 0; 0.01 sec.
Execute             source /opt/Xilinx_tools/Vivado/2017.4/common/technology/xilinx/scripts/xilinxcoregen.gen 
Command             ap_source returned 0; 0 sec.
Execute             source /opt/Xilinx_tools/Vivado/2017.4/common/technology/xilinx/interface/XilEDKCoreGen.gen 
Command             ap_source returned 0; 0.01 sec.
Execute             source /opt/Xilinx_tools/Vivado/2017.4/common/technology/xilinx/ip/xfir.gen 
Command             ap_source returned 0; 0 sec.
Execute             source /opt/Xilinx_tools/Vivado/2017.4/common/technology/xilinx/ip/xfft.gen 
Command             ap_source returned 0; 0.07 sec.
Execute             source /opt/Xilinx_tools/Vivado/2017.4/common/technology/xilinx/ip/util.gen 
Command             ap_source returned 0; 0 sec.
Execute             source /opt/Xilinx_tools/Vivado/2017.4/common/technology/xilinx/ip/dds_compiler.gen 
Command             ap_source returned 0; 0 sec.
Command           ap_source returned 0; 0.1 sec.
Execute           source /opt/Xilinx_tools/Vivado/2017.4/common/technology/xilinx/common/dsp48.gen 
Command           ap_source returned 0; 0 sec.
Command         ap_source returned 0; 0.1 sec.
Command       ap_source returned 0; 0.1 sec.
Execute       source /opt/Xilinx_tools/Vivado/2017.4/common/technology/xilinx/zynq/zynq_fpv6.gen 
Execute         source /opt/Xilinx_tools/Vivado/2017.4/common/technology/xilinx/common/xilinx_fpv6.gen 
Command         ap_source returned 0; 0 sec.
Command       ap_source returned 0; 0 sec.
Execute       source /home/juju/mem_test_rw_seperate/ip/mem_prj/solution1/.autopilot/db/mem_hw.rtl_wrap.cfg.tcl 
Command       ap_source returned 0; 0.01 sec.
Execute       source /home/juju/mem_test_rw_seperate/ip/mem_prj/solution1/.autopilot/db/mem_hw.rtl_wrap.cfg.tcl 
Command       ap_source returned 0; 0 sec.
Execute       source /home/juju/mem_test_rw_seperate/ip/mem_prj/solution1/.autopilot/db/mem_hw.rtl_wrap.cfg.tcl 
Command       ap_source returned 0; 0 sec.
Execute       source /home/juju/mem_test_rw_seperate/ip/mem_prj/solution1/.autopilot/db/mem_hw.tbgen.tcl 
Command       ap_source returned 0; 0 sec.
Execute       source /home/juju/mem_test_rw_seperate/ip/mem_prj/solution1/.autopilot/db/mem_hw.tbgen.tcl 
Command       ap_source returned 0; 0 sec.
Execute       source /home/juju/mem_test_rw_seperate/ip/mem_prj/solution1/.autopilot/db/global.setting.tcl 
Command       ap_source returned 0; 0 sec.
Execute       source /home/juju/mem_test_rw_seperate/ip/mem_prj/solution1/.autopilot/db/mem_read.compgen.tcl 
Command       ap_source returned 0; 0 sec.
Execute       source /home/juju/mem_test_rw_seperate/ip/mem_prj/solution1/.autopilot/db/mem_write.compgen.tcl 
Command       ap_source returned 0; 0 sec.
Execute       source /home/juju/mem_test_rw_seperate/ip/mem_prj/solution1/.autopilot/db/mem_hw.compgen.tcl 
Command       ap_source returned 0; 0 sec.
Execute       source /home/juju/mem_test_rw_seperate/ip/mem_prj/solution1/.autopilot/db/global.setting.tcl 
Command       ap_source returned 0; 0 sec.
Execute       source /home/juju/mem_test_rw_seperate/ip/mem_prj/solution1/.autopilot/db/mem_read.compgen.tcl 
Command       ap_source returned 0; 0 sec.
Execute       source /home/juju/mem_test_rw_seperate/ip/mem_prj/solution1/.autopilot/db/mem_write.compgen.tcl 
Command       ap_source returned 0; 0 sec.
Execute       source /home/juju/mem_test_rw_seperate/ip/mem_prj/solution1/.autopilot/db/mem_hw.compgen.tcl 
Command       ap_source returned 0; 0 sec.
Execute       source /home/juju/mem_test_rw_seperate/ip/mem_prj/solution1/.autopilot/db/global.setting.tcl 
Command       ap_source returned 0; 0 sec.
Execute       source /home/juju/mem_test_rw_seperate/ip/mem_prj/solution1/.autopilot/db/mem_read.compgen.tcl 
Command       ap_source returned 0; 0 sec.
Execute       source /home/juju/mem_test_rw_seperate/ip/mem_prj/solution1/.autopilot/db/mem_write.compgen.tcl 
Command       ap_source returned 0; 0 sec.
Execute       source /home/juju/mem_test_rw_seperate/ip/mem_prj/solution1/.autopilot/db/mem_hw.compgen.tcl 
Command       ap_source returned 0; 0 sec.
Execute       source /home/juju/mem_test_rw_seperate/ip/mem_prj/solution1/.autopilot/db/global.setting.tcl 
Command       ap_source returned 0; 0 sec.
Execute       source /home/juju/mem_test_rw_seperate/ip/mem_prj/solution1/.autopilot/db/mem_hw.constraint.tcl 
Command       ap_source returned 0; 0 sec.
Execute       source /home/juju/mem_test_rw_seperate/ip/mem_prj/solution1/.autopilot/db/mem_hw.tbgen.tcl 
Command       ap_source returned 0; 0 sec.
Execute       source /home/juju/mem_test_rw_seperate/ip/mem_prj/solution1/.autopilot/db/global.setting.tcl 
Command       ap_source returned 0; 0 sec.
Execute       source /home/juju/mem_test_rw_seperate/ip/mem_prj/solution1/.autopilot/db/global.setting.tcl 
Command       ap_source returned 0; 0 sec.
Execute       source /home/juju/mem_test_rw_seperate/ip/mem_prj/solution1/.autopilot/db/global.setting.tcl 
Command       ap_source returned 0; 0 sec.
Execute       source /home/juju/mem_test_rw_seperate/ip/mem_prj/solution1/.autopilot/db/mem_hw.tbgen.tcl 
Command       ap_source returned 0; 0 sec.
Execute       source /home/juju/mem_test_rw_seperate/ip/mem_prj/solution1/.autopilot/db/mem_hw.tbgen.tcl 
Command       ap_source returned 0; 0 sec.
Execute       source /home/juju/mem_test_rw_seperate/ip/mem_prj/solution1/.autopilot/db/mem_hw.tbgen.tcl 
Command       ap_source returned 0; 0 sec.
Execute       source /home/juju/mem_test_rw_seperate/ip/mem_prj/solution1/.autopilot/db/mem_hw.tbgen.tcl 
Command       ap_source returned 0; 0 sec.
Execute       source /home/juju/mem_test_rw_seperate/ip/mem_prj/solution1/.autopilot/db/mem_hw.tbgen.tcl 
Command       ap_source returned 0; 0 sec.
Execute       source /home/juju/mem_test_rw_seperate/ip/mem_prj/solution1/.autopilot/db/mem_hw.tbgen.tcl 
Command       ap_source returned 0; 0 sec.
Execute       source /home/juju/mem_test_rw_seperate/ip/mem_prj/solution1/.autopilot/db/mem_hw.tbgen.tcl 
Command       ap_source returned 0; 0 sec.
Execute       source /home/juju/mem_test_rw_seperate/ip/mem_prj/solution1/.autopilot/db/global.setting.tcl 
Command       ap_source returned 0; 0 sec.
Execute       source /home/juju/mem_test_rw_seperate/ip/mem_prj/solution1/.autopilot/db/mem_hw.constraint.tcl 
Command       ap_source returned 0; 0 sec.
Execute       sc_get_clocks mem_hw 
Command       sc_get_clocks returned 0; 0 sec.
Execute       source /home/juju/mem_test_rw_seperate/ip/mem_prj/solution1/.autopilot/db/global.setting.tcl 
Command       ap_source returned 0; 0 sec.
INFO: [HLS 200-111] Finished generating all RTL models Time (s): cpu = 00:00:43 ; elapsed = 00:00:27 . Memory (MB): peak = 558.848 ; gain = 205.371 ; free physical = 371 ; free virtual = 15392
INFO: [SYSC 207-301] Generating SystemC RTL for mem_hw.
INFO: [VHDL 208-304] Generating VHDL RTL for mem_hw.
INFO: [VLOG 209-307] Generating Verilog RTL for mem_hw.
Command     autosyn returned 0; 1.28 sec.
Command   csynth_design returned 0; 26.58 sec.
Command ap_source returned 0; 26.89 sec.
Execute cleanup_all 
Command cleanup_all returned 0; 0.01 sec.
