INFO: [COSIM-47] Using XSIM for RTL simulation.
INFO: [COSIM-14] Instrumenting C test bench ...
   Build using ""
   Compiling apatb_mem_hw.cpp
   Compiling mem.cpp_pre.cpp.tb.cpp
   Compiling mem_test.cpp_pre.cpp.tb.cpp
   Generating cosim.tv.exe
INFO: [COSIM-302] Starting C TB testing ... 
INFO: [COSIM-333] Generating C post check test bench ...
INFO: [COSIM-12] Generating RTL test bench ...
WARNING: [COSIM-376] This design mixes AXI slave interface and pipeline mode, which could potentially result in simulation dead-lock and/or get mismatching results.
WARNING: [COSIM-376] This design mixes AXI slave interface and pipeline mode, which could potentially result in simulation dead-lock and/or get mismatching results.
INFO: [COSIM-323] Starting verilog simulation. 
INFO: [COSIM-15] Starting XSIM ...
INFO: [COSIM-316] Starting C post checking ...
full run test successful 
full run test successful 
size: 512
INFO: [XSIM 43-3496] Using init file passed via -initfile option "/opt/Xilinx_tools/Vivado/2017.4/data/xsim/ip/xsim_ip.ini".
Vivado Simulator 2017.4
Copyright 1986-1999, 2001-2016 Xilinx, Inc. All Rights Reserved.
Running: /opt/Xilinx_tools/Vivado/2017.4/bin/unwrapped/lnx64.o/xelab xil_defaultlib.apatb_mem_hw_top glbl -prj mem_hw.prj -L smartconnect_v1_0 -L axi_protocol_checker_v1_1_12 -L axi_protocol_checker_v1_1_13 -L axis_protocol_checker_v1_1_11 -L axis_protocol_checker_v1_1_12 -L xil_defaultlib -L unisims_ver --initfile /opt/Xilinx_tools/Vivado/2017.4/data/xsim/ip/xsim_ip.ini --lib ieee_proposed=./ieee_proposed -s mem_hw 
Multi-threading is on. Using 6 slave threads.
WARNING: [XSIM 43-3431] One or more environment variables have been detected which affect the operation of the C compiler. These are typically not set in standard installations and are not tested by Xilinx, however they may be appropriate for your system, so the flow will attempt to continue.  If errors occur, try running fuse with the "-mt off -v 1" switches to see more information from the C compiler. The following environment variables have been detected:
    LIBRARY_PATH
INFO: [VRFC 10-2263] Analyzing SystemVerilog file "/home/juju/mem_test_rw_seperate/ip/mem_prj/solution1/sim/verilog/glbl.v" into library work
INFO: [VRFC 10-311] analyzing module glbl
INFO: [VRFC 10-2263] Analyzing SystemVerilog file "/home/juju/mem_test_rw_seperate/ip/mem_prj/solution1/sim/verilog/mem_hw.autotb.v" into library xil_defaultlib
INFO: [VRFC 10-311] analyzing module apatb_mem_hw_top
INFO: [VRFC 10-2263] Analyzing SystemVerilog file "/home/juju/mem_test_rw_seperate/ip/mem_prj/solution1/sim/verilog/AESL_axi_slave_CONTROL_BUS.v" into library xil_defaultlib
INFO: [VRFC 10-311] analyzing module AESL_axi_slave_CONTROL_BUS
INFO: [VRFC 10-2263] Analyzing SystemVerilog file "/home/juju/mem_test_rw_seperate/ip/mem_prj/solution1/sim/verilog/AESL_deadlock_report_unit.v" into library xil_defaultlib
INFO: [VRFC 10-311] analyzing module AESL_deadlock_report_unit
INFO: [VRFC 10-2263] Analyzing SystemVerilog file "/home/juju/mem_test_rw_seperate/ip/mem_prj/solution1/sim/verilog/AESL_fifo.v" into library xil_defaultlib
INFO: [VRFC 10-311] analyzing module fifo
INFO: [VRFC 10-2263] Analyzing SystemVerilog file "/home/juju/mem_test_rw_seperate/ip/mem_prj/solution1/sim/verilog/AESL_deadlock_detector.v" into library xil_defaultlib
INFO: [VRFC 10-311] analyzing module AESL_deadlock_detector
INFO: [VRFC 10-2263] Analyzing SystemVerilog file "/home/juju/mem_test_rw_seperate/ip/mem_prj/solution1/sim/verilog/AESL_axi_s_out_r.v" into library xil_defaultlib
INFO: [VRFC 10-311] analyzing module AESL_axi_s_out_r
INFO: [VRFC 10-2263] Analyzing SystemVerilog file "/home/juju/mem_test_rw_seperate/ip/mem_prj/solution1/sim/verilog/mem_hw_CONTROL_BUS_s_axi.v" into library xil_defaultlib
INFO: [VRFC 10-311] analyzing module mem_hw_CONTROL_BUS_s_axi
INFO: [VRFC 10-311] analyzing module mem_hw_CONTROL_BUS_s_axi_ram
INFO: [VRFC 10-2263] Analyzing SystemVerilog file "/home/juju/mem_test_rw_seperate/ip/mem_prj/solution1/sim/verilog/mem_read.v" into library xil_defaultlib
INFO: [VRFC 10-311] analyzing module mem_read
INFO: [VRFC 10-2263] Analyzing SystemVerilog file "/home/juju/mem_test_rw_seperate/ip/mem_prj/solution1/sim/verilog/mem_write.v" into library xil_defaultlib
INFO: [VRFC 10-311] analyzing module mem_write
INFO: [VRFC 10-2263] Analyzing SystemVerilog file "/home/juju/mem_test_rw_seperate/ip/mem_prj/solution1/sim/verilog/AESL_axi_s_in_r.v" into library xil_defaultlib
INFO: [VRFC 10-311] analyzing module AESL_axi_s_in_r
INFO: [VRFC 10-2263] Analyzing SystemVerilog file "/home/juju/mem_test_rw_seperate/ip/mem_prj/solution1/sim/verilog/AESL_deadlock_detection_unit.v" into library xil_defaultlib
INFO: [VRFC 10-311] analyzing module AESL_deadlock_detect_unit
INFO: [VRFC 10-2263] Analyzing SystemVerilog file "/home/juju/mem_test_rw_seperate/ip/mem_prj/solution1/sim/verilog/mem_hw.v" into library xil_defaultlib
INFO: [VRFC 10-311] analyzing module mem_hw
Starting static elaboration
Completed static elaboration
Starting simulation data flow analysis
Completed simulation data flow analysis
Time Resolution for simulation is 1ps
Compiling module xil_defaultlib.mem_hw_CONTROL_BUS_s_axi_ram(BYT...
Compiling module xil_defaultlib.mem_hw_CONTROL_BUS_s_axi
Compiling module xil_defaultlib.mem_read
Compiling module xil_defaultlib.mem_write
Compiling module xil_defaultlib.mem_hw
Compiling module xil_defaultlib.fifo(DEPTH=262144,WIDTH=64)
Compiling module xil_defaultlib.fifo(DEPTH=262144)
Compiling module xil_defaultlib.fifo(DEPTH=262144,WIDTH=1)
Compiling module xil_defaultlib.AESL_axi_s_out_r
Compiling module xil_defaultlib.AESL_axi_s_in_r
Compiling module xil_defaultlib.AESL_axi_slave_CONTROL_BUS
Compiling module xil_defaultlib.AESL_deadlock_detect_unit(PROC_N...
Compiling module xil_defaultlib.AESL_deadlock_detect_unit(PROC_N...
Compiling module xil_defaultlib.AESL_deadlock_report_unit(PROC_N...
Compiling module xil_defaultlib.AESL_deadlock_detector_1
Compiling module xil_defaultlib.apatb_mem_hw_top
Compiling module work.glbl
Built simulation snapshot mem_hw

****** Webtalk v2017.4 (64-bit)
  **** SW Build 2086221 on Fri Dec 15 20:54:30 MST 2017
  **** IP Build 2085800 on Fri Dec 15 22:25:07 MST 2017
    ** Copyright 1986-2017 Xilinx, Inc. All Rights Reserved.

source /home/juju/mem_test_rw_seperate/ip/mem_prj/solution1/sim/verilog/xsim.dir/mem_hw/webtalk/xsim_webtalk.tcl -notrace
INFO: [Common 17-186] '/home/juju/mem_test_rw_seperate/ip/mem_prj/solution1/sim/verilog/xsim.dir/mem_hw/webtalk/usage_statistics_ext_xsim.xml' has been successfully sent to Xilinx on Wed May 16 17:47:24 2018. For additional details about this file, please refer to the WebTalk help file at /opt/Xilinx_tools/Vivado/2017.4/doc/webtalk_introduction.html.
INFO: [Common 17-206] Exiting Webtalk at Wed May 16 17:47:24 2018...

****** xsim v2017.4 (64-bit)
  **** SW Build 2086221 on Fri Dec 15 20:54:30 MST 2017
  **** IP Build 2085800 on Fri Dec 15 22:25:07 MST 2017
    ** Copyright 1986-2017 Xilinx, Inc. All Rights Reserved.

source xsim.dir/mem_hw/xsim_script.tcl
# xsim {mem_hw} -autoloadwcfg -tclbatch {mem_hw.tcl}
Vivado Simulator 2017.4
Time resolution is 1 ps
source mem_hw.tcl
## run all
////////////////////////////////////////////////////////////////////////////////////
// Inter-Transaction Progress: Completed Transaction / Total Transaction
// Intra-Transaction Progress: Measured Latency / Latency Estimation * 100%
//
// RTL Simulation : "Inter-Transaction Progress" ["Intra-Transaction Progress"] @ "Simulation Time"
////////////////////////////////////////////////////////////////////////////////////
// RTL Simulation : 0 / 2 [0.00%] @ "2000000"
// RTL Simulation : 1 / 2 [0.00%] @ "216290800000"
// RTL Simulation : 2 / 2 [100.00%] @ "432579600000"
////////////////////////////////////////////////////////////////////////////////////
$finish called at time : 432582800 ns : File "/home/juju/mem_test_rw_seperate/ip/mem_prj/solution1/sim/verilog/mem_hw.autotb.v" Line 471
run: Time (s): cpu = 00:00:00.01 ; elapsed = 00:00:43 . Memory (MB): peak = 1157.102 ; gain = 0.000 ; free physical = 150 ; free virtual = 16081
## quit
INFO: [Common 17-206] Exiting xsim at Wed May 16 17:48:23 2018...
full run test successful 
full run test successful 
size: 512
INFO: [COSIM-1000] *** C/RTL co-simulation finished: PASS ***
