#-----------------------------------------------------------
# Webtalk v2017.4 (64-bit)
# SW Build 2086221 on Fri Dec 15 20:54:30 MST 2017
# 
# Start of session at: Fri May 25 15:09:13 2018
# Process ID: 4355
# Current directory: /home/juju/mem_test_rw_seperate/mem_test_rw_seperate.sdk/webtalk
# Command line: wbtcv -mode batch -source sdk_webtalk.tcl
# Log file: /home/juju/mem_test_rw_seperate/mem_test_rw_seperate.sdk/webtalk/webtalk.log
# Journal file: /home/juju/mem_test_rw_seperate/mem_test_rw_seperate.sdk/webtalk/webtalk.jou
#-----------------------------------------------------------
source sdk_webtalk.tcl
# webtalk_init -webtalk_dir /home/juju/mem_test_rw_seperate/mem_test_rw_seperate.sdk/webtalk
# webtalk_register_client -client project
# webtalk_add_data -client project -key date_generated -value "2018-05-25 15:09:12" -context "software_version_and_target_device"
# webtalk_add_data -client project -key product_version -value "SDK v2017.4" -context "software_version_and_target_device"
# webtalk_add_data -client project -key build_version -value "2017.4" -context "software_version_and_target_device"
# webtalk_add_data -client project -key os_platform -value "amd64" -context "software_version_and_target_device"
# webtalk_add_data -client project -key registration_id -value "" -context "software_version_and_target_device"
# webtalk_add_data -client project -key tool_flow -value "SDK" -context "software_version_and_target_device"
# webtalk_add_data -client project -key beta -value "false" -context "software_version_and_target_device"
# webtalk_add_data -client project -key route_design -value "NA" -context "software_version_and_target_device"
# webtalk_add_data -client project -key target_family -value "NA" -context "software_version_and_target_device"
# webtalk_add_data -client project -key target_device -value "NA" -context "software_version_and_target_device"
# webtalk_add_data -client project -key target_package -value "NA" -context "software_version_and_target_device"
# webtalk_add_data -client project -key target_speed -value "NA" -context "software_version_and_target_device"
# webtalk_add_data -client project -key random_id -value "kh75upl4npmvanohus06bq6iol" -context "software_version_and_target_device"
# webtalk_add_data -client project -key project_id -value "2017.4_15" -context "software_version_and_target_device"
# webtalk_add_data -client project -key project_iteration -value "15" -context "software_version_and_target_device"
# webtalk_add_data -client project -key os_name -value "Ubuntu" -context "user_environment"
# webtalk_add_data -client project -key os_release -value "Ubuntu 16.04.4 LTS" -context "user_environment"
# webtalk_add_data -client project -key cpu_name -value "Intel(R) Core(TM) i7-3770 CPU @ 3.40GHz" -context "user_environment"
# webtalk_add_data -client project -key cpu_speed -value "2686.632 MHz" -context "user_environment"
# webtalk_add_data -client project -key total_processors -value "1" -context "user_environment"
# webtalk_add_data -client project -key system_ram -value "16.689 GB" -context "user_environment"
# webtalk_register_client -client sdk
# webtalk_add_data -client sdk -key uid -value "1527256897000" -context "sdk\\\\bsp/1527256897000"
# webtalk_add_data -client sdk -key hwid -value "1527256252000" -context "sdk\\\\bsp/1527256897000"
# webtalk_add_data -client sdk -key os -value "standalone" -context "sdk\\\\bsp/1527256897000"
# webtalk_add_data -client sdk -key apptemplate -value "null" -context "sdk\\\\bsp/1527256897000"
# webtalk_add_data -client sdk -key RecordType -value "BSPCreation" -context "sdk\\\\bsp/1527256897000"
# webtalk_add_data -client sdk -key uid -value "NA" -context "sdk\\\\bsp/1527257352944"
# webtalk_add_data -client sdk -key RecordType -value "ToolUsage" -context "sdk\\\\bsp/1527257352944"
# webtalk_add_data -client sdk -key BootgenCount -value "0" -context "sdk\\\\bsp/1527257352944"
# webtalk_add_data -client sdk -key DebugCount -value "3" -context "sdk\\\\bsp/1527257352944"
# webtalk_add_data -client sdk -key PerfCount -value "0" -context "sdk\\\\bsp/1527257352944"
# webtalk_add_data -client sdk -key FlashCount -value "0" -context "sdk\\\\bsp/1527257352944"
# webtalk_add_data -client sdk -key CrossTriggCount -value "0" -context "sdk\\\\bsp/1527257352944"
# webtalk_add_data -client sdk -key QemuDebugCount -value "0" -context "sdk\\\\bsp/1527257352944"
# webtalk_transmit -clientid 1225442733 -regid "" -xml /home/juju/mem_test_rw_seperate/mem_test_rw_seperate.sdk/webtalk/usage_statistics_ext_sdk.xml -html /home/juju/mem_test_rw_seperate/mem_test_rw_seperate.sdk/webtalk/usage_statistics_ext_sdk.html -wdm /home/juju/mem_test_rw_seperate/mem_test_rw_seperate.sdk/webtalk/sdk_webtalk.wdm -intro "<H3>SDK Usage Report</H3><BR>"
INFO: [Common 17-186] '/home/juju/mem_test_rw_seperate/mem_test_rw_seperate.sdk/webtalk/usage_statistics_ext_sdk.xml' has been successfully sent to Xilinx on Fri May 25 15:09:15 2018. For additional details about this file, please refer to the WebTalk help file at /opt/Xilinx_tools/SDK/2017.4/doc/webtalk_introduction.html.
# webtalk_terminate
INFO: [Common 17-206] Exiting Webtalk at Fri May 25 15:09:15 2018...
